#
# A fatal error has been detected by the Java Runtime Environment:
#
#  EXCEPTION_ACCESS_VIOLATION (0xc0000005) at pc=0x00007ffc30209670, pid=17056, tid=4044
#
# JRE version: OpenJDK Runtime Environment (11.0.2+9) (build 11.0.2+9)
# Java VM: OpenJDK 64-Bit Server VM (11.0.2+9, mixed mode, tiered, compressed oops, g1 gc, windows-amd64)
# Problematic frame:
# C  0x00007ffc30209670
#
# No core dump will be written. Minidumps are not enabled by default on client versions of Windows
#
# If you would like to submit a bug report, please visit:
#   http://bugreport.java.com/bugreport/crash.jsp
# The crash happened outside the Java Virtual Machine in native code.
# See problematic frame for where to report the bug.
#

---------------  S U M M A R Y ------------

Command Line: -Dsun.java2d.pmoffscreen=false -Dhttps.protocols=TLSv1,TLSv1.1,TLSv1.2 -Dsun.java2d.xrender=false -Dsun.java2d.d3d=false -Dsun.awt.nopixfmt=true -Dsun.java2d.dpiaware=true -Dsun.java2d.uiScale.enabled=false -Xverify:none -Dswing.aatext=true -XX:-UsePerfData -Djdk.map.althashing.threshold=512 -XX:StringTableSize=4072 --add-opens=java.base/java.nio=ALL-UNNAMED --add-opens=java.desktop/sun.swing=ALL-UNNAMED --add-opens=java.desktop/javax.swing=ALL-UNNAMED --add-opens=java.desktop/javax.swing.tree=ALL-UNNAMED --add-opens=java.desktop/javax.swing.plaf.basic=ALL-UNNAMED --add-opens=java.desktop/javax.swing.plaf.synth=ALL-UNNAMED --add-opens=java.desktop/com.sun.awt=ALL-UNNAMED -XX:NewSize=60m -XX:MaxNewSize=60m -Xms128m -Xmx3072m -Xss5m 

Host: 12th Gen Intel(R) Core(TM) i7-1260P, 16 cores, 15G,  Windows 10 , 64 bit Build 26100 (10.0.26100.7623)
Time: Wed Feb 11 14:18:15 2026 대한민국 표준시 elapsed time: 10582 seconds (0d 2h 56m 22s)

---------------  T H R E A D  ---------------

Current thread (0x00000265a380d000):  JavaThread "AWT-EventQueue-0" [_thread_in_native, id=4044, stack(0x000000bcad200000,0x000000bcad700000)]

Stack: [0x000000bcad200000,0x000000bcad700000],  sp=0x000000bcad6f3a18,  free space=5070k
Native frames: (J=compiled Java code, j=interpreted, Vv=VM code, C=native code)
C  0x00007ffc30209670

Java frames: (J=compiled Java code, j=interpreted, Vv=VM code)
j  ui.views.waveform.waveformi.WVExecutive_getGraphicsDataSize(J)J+0
j  ui.views.waveform.executive.a.klK()Ljava/io/ByteArrayInputStream;+8
j  ui.views.waveform.b.a.klh()V+7
j  ui.views.waveform.b.a.jty()V+1
j  ui.views.waveform.m.kkr()V+4
j  ui.views.waveform.m.Ii(Z)V+11
j  ui.views.waveform.w.aH(ZZ)V+30
j  ui.views.waveform.c.b.j(Lui/frmwork/a/l;)V+94
j  ui.views.waveform.w.handleTclEvent(Lui/frmwork/a/l;)V+13
J 19631 c1 ui.frmwork.a.o.c(Lui/frmwork/a/l;)V (61 bytes) @ 0x00000265cafe9e8c [0x00000265cafe94e0+0x00000000000009ac]
J 16042 c1 ui.frmwork.E.i(JZ)V (471 bytes) @ 0x00000265cbce2cbc [0x00000265cbcdeb40+0x000000000000417c]
J 19407 c1 ui.frmwork.E.fireTclEvent(J)I (113 bytes) @ 0x00000265caf75f14 [0x00000265caf75740+0x00000000000007d4]
v  ~StubRoutines::call_stub
j  ui.views.waveform.waveformi.WVExecutive_processModelEvent(JJ)V+0
j  ui.views.waveform.executive.a.gb(J)V+5
j  ui.views.waveform.c.b.ga(J)V+8
j  ui.views.waveform.c.b.j(Lui/frmwork/a/l;)V+127
j  ui.views.waveform.w.handleTclEvent(Lui/frmwork/a/l;)V+13
J 19631 c1 ui.frmwork.a.o.c(Lui/frmwork/a/l;)V (61 bytes) @ 0x00000265cafe9e8c [0x00000265cafe94e0+0x00000000000009ac]
J 16042 c1 ui.frmwork.E.i(JZ)V (471 bytes) @ 0x00000265cbce2cbc [0x00000265cbcdeb40+0x000000000000417c]
J 19407 c1 ui.frmwork.E.fireTclEvent(J)I (113 bytes) @ 0x00000265caf75f14 [0x00000265caf75740+0x00000000000007d4]
v  ~StubRoutines::call_stub
j  ui.views.waveform.waveformi.WVExecutive_processModelEvent(JJ)V+0
j  ui.views.waveform.executive.a.gb(J)V+5
j  ui.views.waveform.c.b.ga(J)V+8
j  ui.views.waveform.c.e.actionPerformed(Ljava/awt/event/ActionEvent;)V+8
J 18089 c2 javax.swing.Timer.fireActionPerformed(Ljava/awt/event/ActionEvent;)V java.desktop@11.0.2 (46 bytes) @ 0x00000265d1987660 [0x00000265d1987540+0x0000000000000120]
J 18088 c2 javax.swing.Timer$DoPostEvent.run()V java.desktop@11.0.2 (82 bytes) @ 0x00000265d1aa21d8 [0x00000265d1aa1ee0+0x00000000000002f8]
J 15840 c2 java.awt.event.InvocationEvent.dispatch()V java.desktop@11.0.2 (69 bytes) @ 0x00000265d1ef421c [0x00000265d1ef41c0+0x000000000000005c]
J 12294 c2 java.awt.EventQueue$4.run()Ljava/lang/Object; java.desktop@11.0.2 (5 bytes) @ 0x00000265d1bb171c [0x00000265d1bb1660+0x00000000000000bc]
v  ~StubRoutines::call_stub
J 4700  java.security.AccessController.doPrivileged(Ljava/security/PrivilegedAction;Ljava/security/AccessControlContext;)Ljava/lang/Object; java.base@11.0.2 (0 bytes) @ 0x00000265d1424eb6 [0x00000265d1424e40+0x0000000000000076]
J 12201 c2 java.awt.EventQueue.dispatchEvent(Ljava/awt/AWTEvent;)V java.desktop@11.0.2 (80 bytes) @ 0x00000265d1b8a574 [0x00000265d1b8a240+0x0000000000000334]
J 17379 c2 ui.frmwork.a.d.dispatchEvent(Ljava/awt/AWTEvent;)V (42 bytes) @ 0x00000265d214ea54 [0x00000265d214e960+0x00000000000000f4]
J 22466 c2 java.awt.EventDispatchThread.pumpEventsForFilter(ILjava/awt/Conditional;Ljava/awt/EventFilter;)V java.desktop@11.0.2 (47 bytes) @ 0x00000265d2600dcc [0x00000265d2600cc0+0x000000000000010c]
j  java.awt.EventDispatchThread.pumpEventsForFilter(Ljava/awt/Conditional;Ljava/awt/EventFilter;)V+4 java.desktop@11.0.2
j  java.awt.WaitDispatchSupport$2.run()V+59 java.desktop@11.0.2
j  java.awt.WaitDispatchSupport$4.run()Ljava/lang/Void;+4 java.desktop@11.0.2
j  java.awt.WaitDispatchSupport$4.run()Ljava/lang/Object;+1 java.desktop@11.0.2
v  ~StubRoutines::call_stub
J 1080  java.security.AccessController.doPrivileged(Ljava/security/PrivilegedAction;)Ljava/lang/Object; java.base@11.0.2 (0 bytes) @ 0x00000265d11b5022 [0x00000265d11b4fc0+0x0000000000000062]
j  java.awt.WaitDispatchSupport.enter()Z+260 java.desktop@11.0.2
j  java.awt.Dialog.show()V+224 java.desktop@11.0.2
J 7505 c1 java.awt.Component.setVisible(Z)V java.desktop@11.0.2 (6 bytes) @ 0x00000265c9eb81e4 [0x00000265c9eb7fe0+0x0000000000000204]
j  java.awt.Window.setVisible(Z)V+2 java.desktop@11.0.2
j  java.awt.Dialog.setVisible(Z)V+2 java.desktop@11.0.2
j  ui.dlg.c.g.setVisible(Z)V+2
j  ui.dlg.c.bz.bIi()V+64
j  ui.dlg.c.bI.actionPerformed(Ljava/awt/event/ActionEvent;)V+8
j  ui.dlg.c.bz.fud()V+388
j  ui.views.c.t.b.a.run()V+60
j  ui.frmwork.cmd.a.hsT()Z+66
j  ui.frmwork.cmd.d.htb()V+42
j  ui.bm.actionPerformed(Ljava/awt/event/ActionEvent;)V+25
j  javax.swing.AbstractButton.fireActionPerformed(Ljava/awt/event/ActionEvent;)V+83 java.desktop@11.0.2
j  ui.utils.swing.b.E.fireActionPerformed(Ljava/awt/event/ActionEvent;)V+7
j  javax.swing.AbstractButton$Handler.actionPerformed(Ljava/awt/event/ActionEvent;)V+5 java.desktop@11.0.2
j  javax.swing.DefaultButtonModel.fireActionPerformed(Ljava/awt/event/ActionEvent;)V+34 java.desktop@11.0.2
j  javax.swing.DefaultButtonModel.setPressed(Z)V+117 java.desktop@11.0.2
j  javax.swing.plaf.basic.BasicButtonListener.mouseReleased(Ljava/awt/event/MouseEvent;)V+35 java.desktop@11.0.2
j  com.jidesoft.plaf.basic.BasicJideButtonListener.mouseReleased(Ljava/awt/event/MouseEvent;)V+61
J 24852 c1 java.awt.AWTEventMulticaster.mouseReleased(Ljava/awt/event/MouseEvent;)V java.desktop@11.0.2 (27 bytes) @ 0x00000265cb66052c [0x00000265cb660300+0x000000000000022c]
J 24852 c1 java.awt.AWTEventMulticaster.mouseReleased(Ljava/awt/event/MouseEvent;)V java.desktop@11.0.2 (27 bytes) @ 0x00000265cb66052c [0x00000265cb660300+0x000000000000022c]
J 24852 c1 java.awt.AWTEventMulticaster.mouseReleased(Ljava/awt/event/MouseEvent;)V java.desktop@11.0.2 (27 bytes) @ 0x00000265cb66052c [0x00000265cb660300+0x000000000000022c]
J 24852 c1 java.awt.AWTEventMulticaster.mouseReleased(Ljava/awt/event/MouseEvent;)V java.desktop@11.0.2 (27 bytes) @ 0x00000265cb66052c [0x00000265cb660300+0x000000000000022c]
J 12508 c1 java.awt.Component.processMouseEvent(Ljava/awt/event/MouseEvent;)V java.desktop@11.0.2 (100 bytes) @ 0x00000265c9e6e93c [0x00000265c9e6e4c0+0x000000000000047c]
J 12507 c1 javax.swing.JComponent.processMouseEvent(Ljava/awt/event/MouseEvent;)V java.desktop@11.0.2 (27 bytes) @ 0x00000265c9e6f1f4 [0x00000265c9e6efe0+0x0000000000000214]
J 24147 c2 java.awt.Container.processEvent(Ljava/awt/AWTEvent;)V java.desktop@11.0.2 (22 bytes) @ 0x00000265d269fe78 [0x00000265d269fca0+0x00000000000001d8]
J 24993 c2 java.awt.Component.dispatchEventImpl(Ljava/awt/AWTEvent;)V java.desktop@11.0.2 (777 bytes) @ 0x00000265d28077ec [0x00000265d2807140+0x00000000000006ac]
J 22442 c2 java.awt.Container.dispatchEventImpl(Ljava/awt/AWTEvent;)V java.desktop@11.0.2 (129 bytes) @ 0x00000265d25ebca4 [0x00000265d25eb560+0x0000000000000744]
J 13066 c2 java.awt.LightweightDispatcher.retargetMouseEvent(Ljava/awt/Component;ILjava/awt/event/MouseEvent;)V java.desktop@11.0.2 (372 bytes) @ 0x00000265d19553c4 [0x00000265d1955080+0x0000000000000344]
J 22442 c2 java.awt.Container.dispatchEventImpl(Ljava/awt/AWTEvent;)V java.desktop@11.0.2 (129 bytes) @ 0x00000265d25ec030 [0x00000265d25eb560+0x0000000000000ad0]
J 19313 c2 java.awt.Window.dispatchEventImpl(Ljava/awt/AWTEvent;)V java.desktop@11.0.2 (23 bytes) @ 0x00000265d18bc7f0 [0x00000265d18bc7a0+0x0000000000000050]
J 12294 c2 java.awt.EventQueue$4.run()Ljava/lang/Object; java.desktop@11.0.2 (5 bytes) @ 0x00000265d1bb17b0 [0x00000265d1bb1660+0x0000000000000150]
v  ~StubRoutines::call_stub
J 4700  java.security.AccessController.doPrivileged(Ljava/security/PrivilegedAction;Ljava/security/AccessControlContext;)Ljava/lang/Object; java.base@11.0.2 (0 bytes) @ 0x00000265d1424eb6 [0x00000265d1424e40+0x0000000000000076]
J 14022 c2 java.awt.EventQueue$5.run()Ljava/lang/Object; java.desktop@11.0.2 (5 bytes) @ 0x00000265d1c7caf4 [0x00000265d1c7c880+0x0000000000000274]
v  ~StubRoutines::call_stub
J 4700  java.security.AccessController.doPrivileged(Ljava/security/PrivilegedAction;Ljava/security/AccessControlContext;)Ljava/lang/Object; java.base@11.0.2 (0 bytes) @ 0x00000265d1424eb6 [0x00000265d1424e40+0x0000000000000076]
J 12201 c2 java.awt.EventQueue.dispatchEvent(Ljava/awt/AWTEvent;)V java.desktop@11.0.2 (80 bytes) @ 0x00000265d1b8a7cc [0x00000265d1b8a240+0x000000000000058c]
J 17379 c2 ui.frmwork.a.d.dispatchEvent(Ljava/awt/AWTEvent;)V (42 bytes) @ 0x00000265d214ea54 [0x00000265d214e960+0x00000000000000f4]
J 22119% c2 java.awt.EventDispatchThread.pumpEventsForFilter(ILjava/awt/Conditional;Ljava/awt/EventFilter;)V java.desktop@11.0.2 (47 bytes) @ 0x00000265d253df04 [0x00000265d253dd40+0x00000000000001c4]
j  java.awt.EventDispatchThread.pumpEventsForHierarchy(ILjava/awt/Conditional;Ljava/awt/Component;)V+11 java.desktop@11.0.2
j  java.awt.EventDispatchThread.pumpEvents(ILjava/awt/Conditional;)V+4 java.desktop@11.0.2
j  java.awt.EventDispatchThread.pumpEvents(Ljava/awt/Conditional;)V+3 java.desktop@11.0.2
j  java.awt.EventDispatchThread.run()V+9 java.desktop@11.0.2
v  ~StubRoutines::call_stub

siginfo: EXCEPTION_ACCESS_VIOLATION (0xc0000005), data execution prevention violation at address 0x00007ffc30209670


Register to memory mapping:

RIP=0x00007ffc30209670 points into unknown readable memory: 01 00 00 00 00 00 00 00
RAX=0x00007ffc301b0720 points into unknown readable memory: 00 88 e1 2f fc 7f 00 00
RBX=0x0000000000000001 is an unknown value
RCX=0x000002658d200c60 points into unknown readable memory: 20 07 1b 30 fc 7f 00 00
RDX=0x0000026602385a20 points into unknown readable memory: d8 84 5c 27 fc 7f 00 00
RSP=0x000000bcad6f3a18 is pointing into the stack for thread: 0x00000265a380d000
RBP=0x000000bcad6f3c10 is pointing into the stack for thread: 0x00000265a380d000
RSI=0x00000265f5e363c0 points into unknown readable memory: 30 07 1b 30 fc 7f 00 00
RDI=0x000002658d200c60 points into unknown readable memory: 20 07 1b 30 fc 7f 00 00
R8 =0x000000bcad6f3c00 is pointing into the stack for thread: 0x00000265a380d000
R9 =0x000000bcad6f3c40 is pointing into the stack for thread: 0x00000265a380d000
R10=0x0 is NULL
R11=0x00000265818bf590 points into unknown readable memory: c0 63 e3 f5 65 02 00 00
R12=0x000000bcad6f3c00 is pointing into the stack for thread: 0x00000265a380d000
R13=0x000000bcad6f3c40 is pointing into the stack for thread: 0x00000265a380d000
R14=0x000000bcad6f3d18 is pointing into the stack for thread: 0x00000265a380d000
R15=0x0000026602385a20 points into unknown readable memory: d8 84 5c 27 fc 7f 00 00


Registers:
RAX=0x00007ffc301b0720, RBX=0x0000000000000001, RCX=0x000002658d200c60, RDX=0x0000026602385a20
RSP=0x000000bcad6f3a18, RBP=0x000000bcad6f3c10, RSI=0x00000265f5e363c0, RDI=0x000002658d200c60
R8 =0x000000bcad6f3c00, R9 =0x000000bcad6f3c40, R10=0x0000000000000000, R11=0x00000265818bf590
R12=0x000000bcad6f3c00, R13=0x000000bcad6f3c40, R14=0x000000bcad6f3d18, R15=0x0000026602385a20
RIP=0x00007ffc30209670, EFLAGS=0x0000000000010206

Top of Stack: (sp=0x000000bcad6f3a18)
0x000000bcad6f3a18:   00007ffc2fee0855 0000000000000008
0x000000bcad6f3a28:   00007ffce789cde4 0000026597a80000
0x000000bcad6f3a38:   0000000000000002 fffffffffffffffe
0x000000bcad6f3a48:   000000bc00000000 000000bcad6f4a28
0x000000bcad6f3a58:   0000000000000000 00000000f4f86dd0
0x000000bcad6f3a68:   00000000f4f86ce0 000000bcad6f49d8
0x000000bcad6f3a78:   0000000000000000 0000000000000008
0x000000bcad6f3a88:   0000000000000008 0000000000000000
0x000000bcad6f3a98:   0000000000000001 000000bcad6f3d48
0x000000bcad6f3aa8:   0000026597c30000 00003b66986b431d
0x000000bcad6f3ab8:   00007ffce789cca4 0000026500000002
0x000000bcad6f3ac8:   0000000000000000 000000bcad6f3d18
0x000000bcad6f3ad8:   0000026581478c48 000002658d200c60
0x000000bcad6f3ae8:   0000026602385a20 00000265f5e363c0
0x000000bcad6f3af8:   000000bcad6f3c10 0000000000000001
0x000000bcad6f3b08:   00007ffc2fed83a6 0000026597a80000 

Instructions: (pc=0x00007ffc30209670)
0x00007ffc30209650:   00 00 00 00 ff ff ff ff 00 00 00 00 40 00 00 00
0x00007ffc30209660:   20 96 43 00 00 00 00 00 00 00 00 00 00 00 00 00
0x00007ffc30209670:   01 00 00 00 00 00 00 00 00 00 00 00 a0 19 57 00
0x00007ffc30209680:   98 96 43 00 70 96 43 00 00 00 00 00 00 00 00 00 


Stack slot to memory mapping:
stack at sp + 0 slots: 0x00007ffc2fee0855 points into unknown readable memory: 8b f0 83
stack at sp + 1 slots: 0x0000000000000008 is an unknown value
stack at sp + 2 slots: 0x00007ffce789cde4 ntdll.dll
stack at sp + 3 slots: 0x0000026597a80000 points into unknown readable memory: 00 00 00 00 00 00 00 00
stack at sp + 4 slots: 0x0000000000000002 is an unknown value
stack at sp + 5 slots: 0xfffffffffffffffe is an unknown value
stack at sp + 6 slots: 0x000000bc00000000 is an unknown value
stack at sp + 7 slots: 0x000000bcad6f4a28 is pointing into the stack for thread: 0x00000265a380d000


---------------  P R O C E S S  ---------------

Threads class SMR info:
_java_thread_list=0x0000026585fa2ff0, length=36, elements={
0x00000265c0e52000, 0x00000265da269000, 0x00000265be601800, 0x00000265b8b62800,
0x00000265da58b800, 0x00000265bf6b0800, 0x00000265bf6b1000, 0x00000265c0ae7000,
0x00000265da73a000, 0x00000265b8a5d000, 0x00000265a3384800, 0x00000265da8f2800,
0x00000265da8f3800, 0x00000265a3c48800, 0x00000265a380d000, 0x00000265a5205000,
0x00000265a5007800, 0x00000265a54e3000, 0x00000265a57cb800, 0x00000265a57cf000,
0x00000265a57d0800, 0x00000265a57ce000, 0x00000265a843d800, 0x00000265a8440800,
0x00000265a843f000, 0x00000265a8441800, 0x00000265a8444000, 0x00000265a8448000,
0x00000265a8449800, 0x00000265a8447000, 0x00000265a843e000, 0x000002658fe1e000,
0x00000265a8443000, 0x00000265a8448800, 0x00000265a52a6000, 0x00000265a57cd800
}

Java Threads: ( => current thread )
  0x00000265c0e52000 JavaThread "main" [_thread_blocked, id=11152, stack(0x000000bca8600000,0x000000bca8700000)]
  0x00000265da269000 JavaThread "Reference Handler" daemon [_thread_blocked, id=2280, stack(0x000000bca8d00000,0x000000bca9200000)]
  0x00000265be601800 JavaThread "Finalizer" daemon [_thread_blocked, id=18416, stack(0x000000bca9200000,0x000000bca9700000)]
  0x00000265b8b62800 JavaThread "Signal Dispatcher" daemon [_thread_blocked, id=9776, stack(0x000000bca9700000,0x000000bca9c00000)]
  0x00000265da58b800 JavaThread "Attach Listener" daemon [_thread_blocked, id=6348, stack(0x000000bca9c00000,0x000000bcaa100000)]
  0x00000265bf6b0800 JavaThread "C2 CompilerThread0" daemon [_thread_blocked, id=16932, stack(0x000000bcaa100000,0x000000bcaa200000)]
  0x00000265bf6b1000 JavaThread "C1 CompilerThread0" daemon [_thread_blocked, id=7336, stack(0x000000bcaa200000,0x000000bcaa300000)]
  0x00000265c0ae7000 JavaThread "Sweeper thread" daemon [_thread_blocked, id=9244, stack(0x000000bcaa300000,0x000000bcaa800000)]
  0x00000265da73a000 JavaThread "Common-Cleaner" daemon [_thread_blocked, id=7328, stack(0x000000bcaac00000,0x000000bcab100000)]
  0x00000265b8a5d000 JavaThread "Service Thread" daemon [_thread_blocked, id=8680, stack(0x000000bcab100000,0x000000bcab600000)]
  0x00000265a3384800 JavaThread "Java2D Disposer" daemon [_thread_blocked, id=14304, stack(0x000000bcab700000,0x000000bcabc00000)]
  0x00000265da8f2800 JavaThread "AWT-Shutdown" [_thread_blocked, id=10144, stack(0x000000bcabc00000,0x000000bcac100000)]
  0x00000265da8f3800 JavaThread "AWT-Windows" daemon [_thread_in_native, id=11908, stack(0x000000bcac100000,0x000000bcac600000)]
  0x00000265a3c48800 JavaThread "TimerQueue" daemon [_thread_blocked, id=18176, stack(0x000000bcac600000,0x000000bcacb00000)]
=>0x00000265a380d000 JavaThread "AWT-EventQueue-0" [_thread_in_native, id=4044, stack(0x000000bcad200000,0x000000bcad700000)]
  0x00000265a5205000 JavaThread "Thread-1" [_thread_in_native, id=2856, stack(0x000000bca6f00000,0x000000bca8300000)]
  0x00000265a5007800 JavaThread "Process Messages Thread" [_thread_blocked, id=5848, stack(0x000000bcadc00000,0x000000bcae100000)]
  0x00000265a54e3000 JavaThread "Batik CleanerThread" daemon [_thread_blocked, id=17900, stack(0x000000bcad700000,0x000000bcadc00000)]
  0x00000265a57cb800 JavaThread "SyntheticaCleanerThread" daemon [_thread_blocked, id=18128, stack(0x000000bcaf600000,0x000000bcafb00000)]
  0x00000265a57cf000 JavaThread "Monitor HEventQueue Thread" [_thread_blocked, id=9788, stack(0x000000bcafd00000,0x000000bcb0200000)]
  0x00000265a57d0800 JavaThread "SyntheticaAnimation 50" daemon [_thread_blocked, id=6152, stack(0x000000bcb0200000,0x000000bcb0700000)]
  0x00000265a57ce000 JavaThread "SyntheticaAnimation 25" daemon [_thread_blocked, id=5908, stack(0x000000bcb0a00000,0x000000bcb0f00000)]
  0x00000265a843d800 JavaThread "Swing-Shell" daemon [_thread_blocked, id=16416, stack(0x000000bcacb00000,0x000000bcad000000)]
  0x00000265a8440800 JavaThread "SyntheticaAnimation 70" daemon [_thread_blocked, id=17012, stack(0x000000bcb1000000,0x000000bcb1500000)]
  0x00000265a843f000 JavaThread "Refresh Filesets Swing Worker Thread" [_thread_blocked, id=16516, stack(0x000000bcb1500000,0x000000bcb1a00000)]
  0x00000265a8441800 JavaThread "hw_ila_monitor" [_thread_blocked, id=6420, stack(0x000000bcb1a00000,0x000000bcb1f00000)]
  0x00000265a8444000 JavaThread "pool-2-thread-1" [_thread_blocked, id=8396, stack(0x000000bcb2900000,0x000000bcb2e00000)]
  0x00000265a8448000 JavaThread "pool-3-thread-1" [_thread_blocked, id=17624, stack(0x000000bcb2e00000,0x000000bcb3300000)]
  0x00000265a8449800 JavaThread "pool-4-thread-1" [_thread_blocked, id=4408, stack(0x000000bcb3300000,0x000000bcb3800000)]
  0x00000265a8447000 JavaThread "Update Runs Swing Worker Thread" [_thread_blocked, id=6108, stack(0x000000bcb3800000,0x000000bcb3d00000)]
  0x00000265a843e000 JavaThread "SyntheticaAnimation 50" daemon [_thread_blocked, id=7232, stack(0x000000bcaed00000,0x000000bcaf200000)]
  0x000002658fe1e000 JavaThread "SyntheticaAnimation 50" daemon [_thread_blocked, id=1744, stack(0x000000bcb1f00000,0x000000bcb2400000)]
  0x00000265a8443000 JavaThread "Timer-0" [_thread_blocked, id=12016, stack(0x000000bcb3d00000,0x000000bcb4200000)]
  0x00000265a8448800 JavaThread "Monitor File Timestamp Swing Worker Thread" [_thread_blocked, id=5600, stack(0x000000bcb4200000,0x000000bcb4700000)]
  0x00000265a52a6000 JavaThread "Image Animator 0" daemon [_thread_blocked, id=12708, stack(0x000000bcb4c00000,0x000000bcb5100000)]
  0x00000265a57cd800 JavaThread "Relaunch Simulation Thread" [_thread_blocked, id=7108, stack(0x000000bcb2400000,0x000000bcb2900000)]

Other Threads:
  0x00000265c0f5c800 VMThread "VM Thread" [stack: 0x000000bca8c00000,0x000000bca8d00000] [id=16676]
  0x00000265b8b90800 WatcherThread [stack: 0x000000bcab600000,0x000000bcab700000] [id=6160]
  0x00000265b89fe800 GCTaskThread "GC Thread#0" [stack: 0x000000bca8700000,0x000000bca8800000] [id=2796]
  0x00000265a3902800 GCTaskThread "GC Thread#1" [stack: 0x000000bca6e00000,0x000000bca6f00000] [id=12216]
  0x00000265a4fa0800 GCTaskThread "GC Thread#2" [stack: 0x000000bcae100000,0x000000bcae200000] [id=3628]
  0x00000265a5668000 GCTaskThread "GC Thread#3" [stack: 0x000000bcae200000,0x000000bcae300000] [id=18016]
  0x00000265c0bb2800 GCTaskThread "GC Thread#4" [stack: 0x000000bcae300000,0x000000bcae400000] [id=7500]
  0x00000265a4ff2800 GCTaskThread "GC Thread#5" [stack: 0x000000bcae400000,0x000000bcae500000] [id=6392]
  0x00000265a4ff3800 GCTaskThread "GC Thread#6" [stack: 0x000000bcae500000,0x000000bcae600000] [id=15732]
  0x00000265a4ff4000 GCTaskThread "GC Thread#7" [stack: 0x000000bcae600000,0x000000bcae700000] [id=1256]
  0x00000265a4ff5000 GCTaskThread "GC Thread#8" [stack: 0x000000bcae700000,0x000000bcae800000] [id=12220]
  0x00000265a4ff9800 GCTaskThread "GC Thread#9" [stack: 0x000000bcae800000,0x000000bcae900000] [id=8020]
  0x00000265a4ff6800 GCTaskThread "GC Thread#10" [stack: 0x000000bcae900000,0x000000bcaea00000] [id=12520]
  0x00000265a4ffb800 GCTaskThread "GC Thread#11" [stack: 0x000000bcaea00000,0x000000bcaeb00000] [id=5768]
  0x00000265a12eb000 GCTaskThread "GC Thread#12" [stack: 0x000000bcb0f00000,0x000000bcb1000000] [id=16148]
  0x00000265b8b16800 ConcurrentGCThread "G1 Main Marker" [stack: 0x000000bca8800000,0x000000bca8900000] [id=1384]
  0x00000265b8b17000 ConcurrentGCThread "G1 Conc#0" [stack: 0x000000bca8900000,0x000000bca8a00000] [id=9984]
  0x00000265a4ffa000 ConcurrentGCThread "G1 Conc#1" [stack: 0x000000bcaeb00000,0x000000bcaec00000] [id=11720]
  0x00000265a4fff000 ConcurrentGCThread "G1 Conc#2" [stack: 0x000000bcaec00000,0x000000bcaed00000] [id=13012]
  0x00000265bb41d800 ConcurrentGCThread "G1 Refine#0" [stack: 0x000000bca8a00000,0x000000bca8b00000] [id=12488]
  0x00000265a5da5800 ConcurrentGCThread "G1 Refine#1" [stack: 0x000000bcaf200000,0x000000bcaf300000] [id=12032]
  0x00000265a5957800 ConcurrentGCThread "G1 Refine#2" [stack: 0x000000bcaf300000,0x000000bcaf400000] [id=11788]
  0x00000265a12e9000 ConcurrentGCThread "G1 Refine#3" [stack: 0x000000bcaa900000,0x000000bcaaa00000] [id=6520]
  0x00000265bb41e000 ConcurrentGCThread "G1 Young RemSet Sampling" [stack: 0x000000bca8b00000,0x000000bca8c00000] [id=6992]

Threads with active compile tasks:

VM state:not at safepoint (normal execution)

VM Mutex/Monitor currently owned by a thread: None

Heap address: 0x0000000740000000, size: 3072 MB, Compressed Oops mode: Zero based, Oop shift amount: 3
Narrow klass base: 0x0000000800000000, Narrow klass shift: 0
Compressed class space size: 1073741824 Address: 0x0000000800000000

Heap:
 garbage-first heap   total 264192K, used 152895K [0x0000000740000000, 0x0000000800000000)
  region size 1024K, 26 young (26624K), 1 survivors (1024K)
 Metaspace       used 108111K, capacity 109966K, committed 111824K, reserved 1144832K
  class space    used 15503K, capacity 16283K, committed 17024K, reserved 1048576K
Heap Regions: E=young(eden), S=young(survivor), O=old, HS=humongous(starts), HC=humongous(continues), CS=collection set, F=free, A=archive, TAMS=top-at-mark-start (previous, next)
|   0|0x0000000740000000, 0x0000000740100000, 0x0000000740100000|100%|HS|  |TAMS 0x0000000740100000, 0x0000000740000000| Complete 
|   1|0x0000000740100000, 0x0000000740200000, 0x0000000740200000|100%|HC|  |TAMS 0x0000000740200000, 0x0000000740100000| Complete 
|   2|0x0000000740200000, 0x0000000740300000, 0x0000000740300000|100%|HS|  |TAMS 0x0000000740300000, 0x0000000740200000| Complete 
|   3|0x0000000740300000, 0x0000000740400000, 0x0000000740400000|100%| O|  |TAMS 0x0000000740400000, 0x0000000740300000| Untracked 
|   4|0x0000000740400000, 0x00000007404ffff0, 0x0000000740500000| 99%| O|  |TAMS 0x00000007404ffff0, 0x0000000740400000| Untracked 
|   5|0x0000000740500000, 0x0000000740600000, 0x0000000740600000|100%| O|  |TAMS 0x0000000740600000, 0x0000000740500000| Untracked 
|   6|0x0000000740600000, 0x00000007406ffff8, 0x0000000740700000| 99%| O|  |TAMS 0x00000007406ffff8, 0x0000000740600000| Untracked 
|   7|0x0000000740700000, 0x0000000740800000, 0x0000000740800000|100%| O|  |TAMS 0x0000000740800000, 0x0000000740700000| Untracked 
|   8|0x0000000740800000, 0x00000007408ffff0, 0x0000000740900000| 99%| O|  |TAMS 0x00000007408ffff0, 0x0000000740800000| Untracked 
|   9|0x0000000740900000, 0x0000000740a00000, 0x0000000740a00000|100%| O|  |TAMS 0x0000000740a00000, 0x0000000740900000| Untracked 
|  10|0x0000000740a00000, 0x0000000740b00000, 0x0000000740b00000|100%| O|  |TAMS 0x0000000740b00000, 0x0000000740a00000| Untracked 
|  11|0x0000000740b00000, 0x0000000740c00000, 0x0000000740c00000|100%| O|  |TAMS 0x0000000740c00000, 0x0000000740b00000| Untracked 
|  12|0x0000000740c00000, 0x0000000740cffff8, 0x0000000740d00000| 99%| O|  |TAMS 0x0000000740cffff8, 0x0000000740c00000| Untracked 
|  13|0x0000000740d00000, 0x0000000740dffff0, 0x0000000740e00000| 99%| O|  |TAMS 0x0000000740dffff0, 0x0000000740d00000| Untracked 
|  14|0x0000000740e00000, 0x0000000740f00000, 0x0000000740f00000|100%| O|  |TAMS 0x0000000740f00000, 0x0000000740e00000| Untracked 
|  15|0x0000000740f00000, 0x0000000741000000, 0x0000000741000000|100%| O|  |TAMS 0x0000000741000000, 0x0000000740f00000| Untracked 
|  16|0x0000000741000000, 0x00000007410e6908, 0x0000000741100000| 90%| O|  |TAMS 0x00000007410e6908, 0x0000000741000000| Untracked 
|  17|0x0000000741100000, 0x0000000741200000, 0x0000000741200000|100%| O|  |TAMS 0x0000000741200000, 0x0000000741100000| Untracked 
|  18|0x0000000741200000, 0x00000007412ffff8, 0x0000000741300000| 99%| O|  |TAMS 0x00000007412ffff8, 0x0000000741200000| Untracked 
|  19|0x0000000741300000, 0x0000000741400000, 0x0000000741400000|100%| O|  |TAMS 0x0000000741400000, 0x0000000741300000| Untracked 
|  20|0x0000000741400000, 0x00000007414ffff8, 0x0000000741500000| 99%| O|  |TAMS 0x00000007414ffff8, 0x0000000741400000| Untracked 
|  21|0x0000000741500000, 0x00000007415fffe8, 0x0000000741600000| 99%| O|  |TAMS 0x00000007415fffe8, 0x0000000741500000| Untracked 
|  22|0x0000000741600000, 0x00000007416fffe8, 0x0000000741700000| 99%| O|  |TAMS 0x00000007416fffe8, 0x0000000741600000| Untracked 
|  23|0x0000000741700000, 0x00000007417ffff0, 0x0000000741800000| 99%| O|  |TAMS 0x00000007417ffff0, 0x0000000741700000| Untracked 
|  24|0x0000000741800000, 0x0000000741900000, 0x0000000741900000|100%| O|  |TAMS 0x0000000741900000, 0x0000000741800000| Untracked 
|  25|0x0000000741900000, 0x00000007419ffff0, 0x0000000741a00000| 99%| O|  |TAMS 0x00000007419ffff0, 0x0000000741900000| Untracked 
|  26|0x0000000741a00000, 0x0000000741afffe0, 0x0000000741b00000| 99%| O|  |TAMS 0x0000000741afffe0, 0x0000000741a00000| Untracked 
|  27|0x0000000741b00000, 0x0000000741bffff0, 0x0000000741c00000| 99%| O|  |TAMS 0x0000000741bffff0, 0x0000000741b00000| Untracked 
|  28|0x0000000741c00000, 0x0000000741d00000, 0x0000000741d00000|100%| O|  |TAMS 0x0000000741d00000, 0x0000000741c00000| Untracked 
|  29|0x0000000741d00000, 0x0000000741e00000, 0x0000000741e00000|100%| O|  |TAMS 0x0000000741e00000, 0x0000000741d00000| Untracked 
|  30|0x0000000741e00000, 0x0000000741effff8, 0x0000000741f00000| 99%| O|  |TAMS 0x0000000741effff8, 0x0000000741e00000| Untracked 
|  31|0x0000000741f00000, 0x0000000741fffff8, 0x0000000742000000| 99%| O|  |TAMS 0x0000000741fffff8, 0x0000000741f00000| Untracked 
|  32|0x0000000742000000, 0x0000000742100000, 0x0000000742100000|100%| O|  |TAMS 0x0000000742100000, 0x0000000742000000| Untracked 
|  33|0x0000000742100000, 0x00000007421fffe8, 0x0000000742200000| 99%| O|  |TAMS 0x00000007421fffe8, 0x0000000742100000| Untracked 
|  34|0x0000000742200000, 0x00000007422fffd8, 0x0000000742300000| 99%| O|  |TAMS 0x00000007422fffd8, 0x0000000742200000| Untracked 
|  35|0x0000000742300000, 0x00000007423ffff8, 0x0000000742400000| 99%| O|  |TAMS 0x00000007423ffff8, 0x0000000742300000| Untracked 
|  36|0x0000000742400000, 0x00000007424fffe0, 0x0000000742500000| 99%| O|  |TAMS 0x00000007424fffe0, 0x0000000742400000| Untracked 
|  37|0x0000000742500000, 0x00000007425fffe0, 0x0000000742600000| 99%| O|  |TAMS 0x00000007425fffe0, 0x0000000742500000| Untracked 
|  38|0x0000000742600000, 0x0000000742700000, 0x0000000742700000|100%| O|  |TAMS 0x0000000742700000, 0x0000000742600000| Untracked 
|  39|0x0000000742700000, 0x0000000742800000, 0x0000000742800000|100%| O|  |TAMS 0x0000000742800000, 0x0000000742700000| Untracked 
|  40|0x0000000742800000, 0x00000007428fffd8, 0x0000000742900000| 99%| O|  |TAMS 0x00000007428fffd8, 0x0000000742800000| Untracked 
|  41|0x0000000742900000, 0x00000007429ffff0, 0x0000000742a00000| 99%| O|  |TAMS 0x00000007429ffff0, 0x0000000742900000| Untracked 
|  42|0x0000000742a00000, 0x0000000742b00000, 0x0000000742b00000|100%|HS|  |TAMS 0x0000000742b00000, 0x0000000742a00000| Complete 
|  43|0x0000000742b00000, 0x0000000742c00000, 0x0000000742c00000|100%|HC|  |TAMS 0x0000000742c00000, 0x0000000742b00000| Complete 
|  44|0x0000000742c00000, 0x0000000742d00000, 0x0000000742d00000|100%|HC|  |TAMS 0x0000000742d00000, 0x0000000742c00000| Complete 
|  45|0x0000000742d00000, 0x0000000742e00000, 0x0000000742e00000|100%|HC|  |TAMS 0x0000000742e00000, 0x0000000742d00000| Complete 
|  46|0x0000000742e00000, 0x0000000742f00000, 0x0000000742f00000|100%|HC|  |TAMS 0x0000000742f00000, 0x0000000742e00000| Complete 
|  47|0x0000000742f00000, 0x0000000743000000, 0x0000000743000000|100%|HC|  |TAMS 0x0000000743000000, 0x0000000742f00000| Complete 
|  48|0x0000000743000000, 0x0000000743100000, 0x0000000743100000|100%|HC|  |TAMS 0x0000000743100000, 0x0000000743000000| Complete 
|  49|0x0000000743100000, 0x0000000743200000, 0x0000000743200000|100%|HC|  |TAMS 0x0000000743200000, 0x0000000743100000| Complete 
|  50|0x0000000743200000, 0x0000000743300000, 0x0000000743300000|100%|HC|  |TAMS 0x0000000743300000, 0x0000000743200000| Complete 
|  51|0x0000000743300000, 0x0000000743400000, 0x0000000743400000|100%|HC|  |TAMS 0x0000000743400000, 0x0000000743300000| Complete 
|  52|0x0000000743400000, 0x0000000743500000, 0x0000000743500000|100%|HC|  |TAMS 0x0000000743500000, 0x0000000743400000| Complete 
|  53|0x0000000743500000, 0x0000000743600000, 0x0000000743600000|100%|HC|  |TAMS 0x0000000743600000, 0x0000000743500000| Complete 
|  54|0x0000000743600000, 0x0000000743700000, 0x0000000743700000|100%|HC|  |TAMS 0x0000000743700000, 0x0000000743600000| Complete 
|  55|0x0000000743700000, 0x0000000743800000, 0x0000000743800000|100%|HC|  |TAMS 0x0000000743800000, 0x0000000743700000| Complete 
|  56|0x0000000743800000, 0x00000007438ffff0, 0x0000000743900000| 99%| O|  |TAMS 0x00000007438ffff0, 0x0000000743800000| Untracked 
|  57|0x0000000743900000, 0x00000007439fffe8, 0x0000000743a00000| 99%| O|  |TAMS 0x00000007439fffe8, 0x0000000743900000| Untracked 
|  58|0x0000000743a00000, 0x0000000743b00000, 0x0000000743b00000|100%| O|  |TAMS 0x0000000743b00000, 0x0000000743a00000| Untracked 
|  59|0x0000000743b00000, 0x0000000743c00000, 0x0000000743c00000|100%| O|  |TAMS 0x0000000743c00000, 0x0000000743b00000| Untracked 
|  60|0x0000000743c00000, 0x0000000743cfffd0, 0x0000000743d00000| 99%| O|  |TAMS 0x0000000743cfffd0, 0x0000000743c00000| Untracked 
|  61|0x0000000743d00000, 0x0000000743dffff8, 0x0000000743e00000| 99%| O|  |TAMS 0x0000000743dffff8, 0x0000000743d00000| Untracked 
|  62|0x0000000743e00000, 0x0000000743f00000, 0x0000000743f00000|100%| O|  |TAMS 0x0000000743f00000, 0x0000000743e00000| Untracked 
|  63|0x0000000743f00000, 0x0000000743fffff8, 0x0000000744000000| 99%| O|  |TAMS 0x0000000743fffff8, 0x0000000743f00000| Untracked 
|  64|0x0000000744000000, 0x0000000744100000, 0x0000000744100000|100%| O|  |TAMS 0x0000000744100000, 0x0000000744000000| Untracked 
|  65|0x0000000744100000, 0x0000000744200000, 0x0000000744200000|100%| O|  |TAMS 0x0000000744200000, 0x0000000744100000| Untracked 
|  66|0x0000000744200000, 0x00000007442ffff8, 0x0000000744300000| 99%| O|  |TAMS 0x00000007442ffff8, 0x0000000744200000| Untracked 
|  67|0x0000000744300000, 0x00000007443ffff0, 0x0000000744400000| 99%| O|  |TAMS 0x00000007443ffff0, 0x0000000744300000| Untracked 
|  68|0x0000000744400000, 0x00000007444ffff8, 0x0000000744500000| 99%| O|  |TAMS 0x00000007444ffff8, 0x0000000744400000| Untracked 
|  69|0x0000000744500000, 0x00000007445ffff0, 0x0000000744600000| 99%| O|  |TAMS 0x00000007445ffff0, 0x0000000744500000| Untracked 
|  70|0x0000000744600000, 0x00000007446fff28, 0x0000000744700000| 99%| O|  |TAMS 0x00000007446fff28, 0x0000000744600000| Untracked 
|  71|0x0000000744700000, 0x00000007447ffff8, 0x0000000744800000| 99%| O|  |TAMS 0x00000007447ffff8, 0x0000000744700000| Untracked 
|  72|0x0000000744800000, 0x00000007448fffe0, 0x0000000744900000| 99%| O|  |TAMS 0x00000007448fffe0, 0x0000000744800000| Untracked 
|  73|0x0000000744900000, 0x00000007449ffff0, 0x0000000744a00000| 99%| O|  |TAMS 0x00000007449ffff0, 0x0000000744900000| Untracked 
|  74|0x0000000744a00000, 0x0000000744affff0, 0x0000000744b00000| 99%| O|  |TAMS 0x0000000744affff0, 0x0000000744a00000| Untracked 
|  75|0x0000000744b00000, 0x0000000744c00000, 0x0000000744c00000|100%| O|  |TAMS 0x0000000744c00000, 0x0000000744b00000| Untracked 
|  76|0x0000000744c00000, 0x0000000744cffff8, 0x0000000744d00000| 99%| O|  |TAMS 0x0000000744cffff8, 0x0000000744c00000| Untracked 
|  77|0x0000000744d00000, 0x0000000744dfffe0, 0x0000000744e00000| 99%| O|  |TAMS 0x0000000744dfffe0, 0x0000000744d00000| Untracked 
|  78|0x0000000744e00000, 0x0000000744f00000, 0x0000000744f00000|100%| O|  |TAMS 0x0000000744f00000, 0x0000000744e00000| Untracked 
|  79|0x0000000744f00000, 0x0000000744fffff8, 0x0000000745000000| 99%| O|  |TAMS 0x0000000744fffff8, 0x0000000744f00000| Untracked 
|  80|0x0000000745000000, 0x00000007450ffff0, 0x0000000745100000| 99%| O|  |TAMS 0x00000007450ffff0, 0x0000000745000000| Untracked 
|  81|0x0000000745100000, 0x00000007451ffff0, 0x0000000745200000| 99%| O|  |TAMS 0x00000007451ffff0, 0x0000000745100000| Untracked 
|  82|0x0000000745200000, 0x00000007452ffff8, 0x0000000745300000| 99%| O|  |TAMS 0x00000007452ffff8, 0x0000000745200000| Untracked 
|  83|0x0000000745300000, 0x0000000745400000, 0x0000000745400000|100%| O|  |TAMS 0x0000000745400000, 0x0000000745300000| Untracked 
|  84|0x0000000745400000, 0x00000007454ffff0, 0x0000000745500000| 99%| O|  |TAMS 0x00000007454ffff0, 0x0000000745400000| Untracked 
|  85|0x0000000745500000, 0x0000000745600000, 0x0000000745600000|100%| O|  |TAMS 0x0000000745600000, 0x0000000745500000| Untracked 
|  86|0x0000000745600000, 0x0000000745700000, 0x0000000745700000|100%| O|  |TAMS 0x0000000745700000, 0x0000000745600000| Untracked 
|  87|0x0000000745700000, 0x00000007457ffff8, 0x0000000745800000| 99%| O|  |TAMS 0x00000007457ffff8, 0x0000000745700000| Untracked 
|  88|0x0000000745800000, 0x0000000745900000, 0x0000000745900000|100%| O|  |TAMS 0x0000000745900000, 0x0000000745800000| Untracked 
|  89|0x0000000745900000, 0x0000000745a00000, 0x0000000745a00000|100%| O|  |TAMS 0x0000000745a00000, 0x0000000745900000| Untracked 
|  90|0x0000000745a00000, 0x0000000745b00000, 0x0000000745b00000|100%| O|  |TAMS 0x0000000745b00000, 0x0000000745a00000| Untracked 
|  91|0x0000000745b00000, 0x0000000745c00000, 0x0000000745c00000|100%| O|  |TAMS 0x0000000745c00000, 0x0000000745b00000| Untracked 
|  92|0x0000000745c00000, 0x0000000745cffff8, 0x0000000745d00000| 99%| O|  |TAMS 0x0000000745cffff8, 0x0000000745c00000| Untracked 
|  93|0x0000000745d00000, 0x0000000745dffff8, 0x0000000745e00000| 99%| O|  |TAMS 0x0000000745dffff8, 0x0000000745d00000| Untracked 
|  94|0x0000000745e00000, 0x0000000745effff0, 0x0000000745f00000| 99%| O|  |TAMS 0x0000000745effff0, 0x0000000745e00000| Untracked 
|  95|0x0000000745f00000, 0x0000000745fffff8, 0x0000000746000000| 99%| O|  |TAMS 0x0000000745fffff8, 0x0000000745f00000| Untracked 
|  96|0x0000000746000000, 0x00000007460ffff8, 0x0000000746100000| 99%| O|  |TAMS 0x00000007460ffff8, 0x0000000746000000| Untracked 
|  97|0x0000000746100000, 0x00000007461ffff0, 0x0000000746200000| 99%| O|  |TAMS 0x00000007461ffff0, 0x0000000746100000| Untracked 
|  98|0x0000000746200000, 0x00000007462ffff0, 0x0000000746300000| 99%| O|  |TAMS 0x00000007462ffff0, 0x0000000746200000| Untracked 
|  99|0x0000000746300000, 0x00000007463fffe0, 0x0000000746400000| 99%| O|  |TAMS 0x00000007463fffe0, 0x0000000746300000| Untracked 
| 100|0x0000000746400000, 0x00000007464fffb0, 0x0000000746500000| 99%| O|  |TAMS 0x00000007464fffb0, 0x0000000746400000| Untracked 
| 101|0x0000000746500000, 0x0000000746600000, 0x0000000746600000|100%| O|  |TAMS 0x0000000746600000, 0x0000000746500000| Untracked 
| 102|0x0000000746600000, 0x00000007466fff88, 0x0000000746700000| 99%| O|  |TAMS 0x00000007466fff88, 0x0000000746600000| Untracked 
| 103|0x0000000746700000, 0x00000007467fffc8, 0x0000000746800000| 99%| O|  |TAMS 0x00000007467fffc8, 0x0000000746700000| Untracked 
| 104|0x0000000746800000, 0x0000000746900000, 0x0000000746900000|100%| O|  |TAMS 0x0000000746900000, 0x0000000746800000| Untracked 
| 105|0x0000000746900000, 0x0000000746a00000, 0x0000000746a00000|100%| O|  |TAMS 0x0000000746a00000, 0x0000000746900000| Untracked 
| 106|0x0000000746a00000, 0x0000000746affff8, 0x0000000746b00000| 99%| O|  |TAMS 0x0000000746affff8, 0x0000000746a00000| Untracked 
| 107|0x0000000746b00000, 0x0000000746c00000, 0x0000000746c00000|100%| O|  |TAMS 0x0000000746c00000, 0x0000000746b00000| Untracked 
| 108|0x0000000746c00000, 0x0000000746cfffe8, 0x0000000746d00000| 99%| O|  |TAMS 0x0000000746cfffe8, 0x0000000746c00000| Untracked 
| 109|0x0000000746d00000, 0x0000000746dfffa8, 0x0000000746e00000| 99%| O|  |TAMS 0x0000000746dfffa8, 0x0000000746d00000| Untracked 
| 110|0x0000000746e00000, 0x0000000746effff8, 0x0000000746f00000| 99%| O|  |TAMS 0x0000000746effff8, 0x0000000746e00000| Untracked 
| 111|0x0000000746f00000, 0x0000000746fffff8, 0x0000000747000000| 99%| O|  |TAMS 0x0000000746fffff8, 0x0000000746f00000| Untracked 
| 112|0x0000000747000000, 0x00000007470fffe8, 0x0000000747100000| 99%| O|  |TAMS 0x00000007470fffe8, 0x0000000747000000| Untracked 
| 113|0x0000000747100000, 0x00000007471ffdc8, 0x0000000747200000| 99%| O|  |TAMS 0x00000007471ffdc8, 0x0000000747100000| Untracked 
| 114|0x0000000747200000, 0x00000007472fffc0, 0x0000000747300000| 99%| O|  |TAMS 0x00000007472fffc0, 0x0000000747200000| Untracked 
| 115|0x0000000747300000, 0x00000007473fddf8, 0x0000000747400000| 99%| O|  |TAMS 0x00000007473fddf8, 0x0000000747300000| Untracked 
| 116|0x0000000747400000, 0x00000007474ac940, 0x0000000747500000| 67%| O|  |TAMS 0x00000007474ac940, 0x0000000747400000| Untracked 
| 117|0x0000000747500000, 0x00000007475dc118, 0x0000000747600000| 85%| O|  |TAMS 0x00000007475dc118, 0x0000000747500000| Untracked 
| 118|0x0000000747600000, 0x000000074768c5e0, 0x0000000747700000| 54%| O|  |TAMS 0x000000074768c5e0, 0x0000000747600000| Untracked 
| 119|0x0000000747700000, 0x00000007477ab738, 0x0000000747800000| 66%| O|  |TAMS 0x00000007477ab738, 0x0000000747700000| Untracked 
| 120|0x0000000747800000, 0x000000074784bfc8, 0x0000000747900000| 29%| O|  |TAMS 0x000000074784bfc8, 0x0000000747800000| Untracked 
| 121|0x0000000747900000, 0x000000074791d0b0, 0x0000000747a00000| 11%| O|  |TAMS 0x000000074791d0b0, 0x0000000747900000| Untracked 
| 122|0x0000000747a00000, 0x0000000747b00000, 0x0000000747b00000|100%|HS|  |TAMS 0x0000000747b00000, 0x0000000747a00000| Complete 
| 123|0x0000000747b00000, 0x0000000747c00000, 0x0000000747c00000|100%|HC|  |TAMS 0x0000000747c00000, 0x0000000747b00000| Complete 
| 124|0x0000000747c00000, 0x0000000747d00000, 0x0000000747d00000|100%|HC|  |TAMS 0x0000000747d00000, 0x0000000747c00000| Complete 
| 125|0x0000000747d00000, 0x0000000747d00000, 0x0000000747e00000|  0%| F|  |TAMS 0x0000000747d00000, 0x0000000747d00000| Untracked 
| 126|0x0000000747e00000, 0x0000000747e00000, 0x0000000747f00000|  0%| F|  |TAMS 0x0000000747e00000, 0x0000000747e00000| Untracked 
| 127|0x0000000747f00000, 0x0000000747f00000, 0x0000000748000000|  0%| F|  |TAMS 0x0000000747f00000, 0x0000000747f00000| Untracked 
| 128|0x0000000748000000, 0x0000000748100000, 0x0000000748100000|100%|HS|  |TAMS 0x0000000748000000, 0x0000000748000000| Complete 
| 129|0x0000000748100000, 0x0000000748200000, 0x0000000748200000|100%|HC|  |TAMS 0x0000000748100000, 0x0000000748100000| Complete 
| 130|0x0000000748200000, 0x0000000748300000, 0x0000000748300000|100%|HC|  |TAMS 0x0000000748200000, 0x0000000748200000| Complete 
| 131|0x0000000748300000, 0x0000000748300000, 0x0000000748400000|  0%| F|  |TAMS 0x0000000748300000, 0x0000000748300000| Untracked 
| 132|0x0000000748400000, 0x0000000748400000, 0x0000000748500000|  0%| F|  |TAMS 0x0000000748400000, 0x0000000748400000| Untracked 
| 133|0x0000000748500000, 0x0000000748500000, 0x0000000748600000|  0%| F|  |TAMS 0x0000000748500000, 0x0000000748500000| Untracked 
| 134|0x0000000748600000, 0x0000000748600000, 0x0000000748700000|  0%| F|  |TAMS 0x0000000748600000, 0x0000000748600000| Untracked 
| 135|0x0000000748700000, 0x0000000748700000, 0x0000000748800000|  0%| F|  |TAMS 0x0000000748700000, 0x0000000748700000| Untracked 
| 136|0x0000000748800000, 0x0000000748800000, 0x0000000748900000|  0%| F|  |TAMS 0x0000000748800000, 0x0000000748800000| Untracked 
| 137|0x0000000748900000, 0x0000000748900000, 0x0000000748a00000|  0%| F|  |TAMS 0x0000000748900000, 0x0000000748900000| Untracked 
| 138|0x0000000748a00000, 0x0000000748a00000, 0x0000000748b00000|  0%| F|  |TAMS 0x0000000748a00000, 0x0000000748a00000| Untracked 
| 139|0x0000000748b00000, 0x0000000748b00000, 0x0000000748c00000|  0%| F|  |TAMS 0x0000000748b00000, 0x0000000748b00000| Untracked 
| 140|0x0000000748c00000, 0x0000000748c00000, 0x0000000748d00000|  0%| F|  |TAMS 0x0000000748c00000, 0x0000000748c00000| Untracked 
| 141|0x0000000748d00000, 0x0000000748d00000, 0x0000000748e00000|  0%| F|  |TAMS 0x0000000748d00000, 0x0000000748d00000| Untracked 
| 142|0x0000000748e00000, 0x0000000748e00000, 0x0000000748f00000|  0%| F|  |TAMS 0x0000000748e00000, 0x0000000748e00000| Untracked 
| 143|0x0000000748f00000, 0x0000000748f00000, 0x0000000749000000|  0%| F|  |TAMS 0x0000000748f00000, 0x0000000748f00000| Untracked 
| 144|0x0000000749000000, 0x0000000749000000, 0x0000000749100000|  0%| F|  |TAMS 0x0000000749000000, 0x0000000749000000| Untracked 
| 145|0x0000000749100000, 0x0000000749100000, 0x0000000749200000|  0%| F|  |TAMS 0x0000000749100000, 0x0000000749100000| Untracked 
| 146|0x0000000749200000, 0x0000000749200000, 0x0000000749300000|  0%| F|  |TAMS 0x0000000749200000, 0x0000000749200000| Untracked 
| 147|0x0000000749300000, 0x0000000749300000, 0x0000000749400000|  0%| F|  |TAMS 0x0000000749300000, 0x0000000749300000| Untracked 
| 148|0x0000000749400000, 0x0000000749400000, 0x0000000749500000|  0%| F|  |TAMS 0x0000000749400000, 0x0000000749400000| Untracked 
| 149|0x0000000749500000, 0x0000000749500000, 0x0000000749600000|  0%| F|  |TAMS 0x0000000749500000, 0x0000000749500000| Untracked 
| 150|0x0000000749600000, 0x0000000749600000, 0x0000000749700000|  0%| F|  |TAMS 0x0000000749600000, 0x0000000749600000| Untracked 
| 151|0x0000000749700000, 0x0000000749700000, 0x0000000749800000|  0%| F|  |TAMS 0x0000000749700000, 0x0000000749700000| Untracked 
| 152|0x0000000749800000, 0x0000000749800000, 0x0000000749900000|  0%| F|  |TAMS 0x0000000749800000, 0x0000000749800000| Untracked 
| 153|0x0000000749900000, 0x0000000749900000, 0x0000000749a00000|  0%| F|  |TAMS 0x0000000749900000, 0x0000000749900000| Untracked 
| 154|0x0000000749a00000, 0x0000000749a00000, 0x0000000749b00000|  0%| F|  |TAMS 0x0000000749a00000, 0x0000000749a00000| Untracked 
| 155|0x0000000749b00000, 0x0000000749b00000, 0x0000000749c00000|  0%| F|  |TAMS 0x0000000749b00000, 0x0000000749b00000| Untracked 
| 156|0x0000000749c00000, 0x0000000749c00000, 0x0000000749d00000|  0%| F|  |TAMS 0x0000000749c00000, 0x0000000749c00000| Untracked 
| 157|0x0000000749d00000, 0x0000000749d00000, 0x0000000749e00000|  0%| F|  |TAMS 0x0000000749d00000, 0x0000000749d00000| Untracked 
| 158|0x0000000749e00000, 0x0000000749e00000, 0x0000000749f00000|  0%| F|  |TAMS 0x0000000749e00000, 0x0000000749e00000| Untracked 
| 159|0x0000000749f00000, 0x0000000749f00000, 0x000000074a000000|  0%| F|  |TAMS 0x0000000749f00000, 0x0000000749f00000| Untracked 
| 160|0x000000074a000000, 0x000000074a000000, 0x000000074a100000|  0%| F|  |TAMS 0x000000074a000000, 0x000000074a000000| Untracked 
| 161|0x000000074a100000, 0x000000074a100000, 0x000000074a200000|  0%| F|  |TAMS 0x000000074a100000, 0x000000074a100000| Untracked 
| 162|0x000000074a200000, 0x000000074a200000, 0x000000074a300000|  0%| F|  |TAMS 0x000000074a200000, 0x000000074a200000| Untracked 
| 163|0x000000074a300000, 0x000000074a300000, 0x000000074a400000|  0%| F|  |TAMS 0x000000074a300000, 0x000000074a300000| Untracked 
| 164|0x000000074a400000, 0x000000074a400000, 0x000000074a500000|  0%| F|  |TAMS 0x000000074a400000, 0x000000074a400000| Untracked 
| 165|0x000000074a500000, 0x000000074a500000, 0x000000074a600000|  0%| F|  |TAMS 0x000000074a500000, 0x000000074a500000| Untracked 
| 166|0x000000074a600000, 0x000000074a600000, 0x000000074a700000|  0%| F|  |TAMS 0x000000074a600000, 0x000000074a600000| Untracked 
| 167|0x000000074a700000, 0x000000074a700000, 0x000000074a800000|  0%| F|  |TAMS 0x000000074a700000, 0x000000074a700000| Untracked 
| 168|0x000000074a800000, 0x000000074a800000, 0x000000074a900000|  0%| F|  |TAMS 0x000000074a800000, 0x000000074a800000| Untracked 
| 169|0x000000074a900000, 0x000000074a900000, 0x000000074aa00000|  0%| F|  |TAMS 0x000000074a900000, 0x000000074a900000| Untracked 
| 170|0x000000074aa00000, 0x000000074aa00000, 0x000000074ab00000|  0%| F|  |TAMS 0x000000074aa00000, 0x000000074aa00000| Untracked 
| 171|0x000000074ab00000, 0x000000074ab00000, 0x000000074ac00000|  0%| F|  |TAMS 0x000000074ab00000, 0x000000074ab00000| Untracked 
| 172|0x000000074ac00000, 0x000000074ac00000, 0x000000074ad00000|  0%| F|  |TAMS 0x000000074ac00000, 0x000000074ac00000| Untracked 
| 173|0x000000074ad00000, 0x000000074ad00000, 0x000000074ae00000|  0%| F|  |TAMS 0x000000074ad00000, 0x000000074ad00000| Untracked 
| 174|0x000000074ae00000, 0x000000074ae00000, 0x000000074af00000|  0%| F|  |TAMS 0x000000074ae00000, 0x000000074ae00000| Untracked 
| 175|0x000000074af00000, 0x000000074af00000, 0x000000074b000000|  0%| F|  |TAMS 0x000000074af00000, 0x000000074af00000| Untracked 
| 176|0x000000074b000000, 0x000000074b000000, 0x000000074b100000|  0%| F|  |TAMS 0x000000074b000000, 0x000000074b000000| Untracked 
| 177|0x000000074b100000, 0x000000074b100000, 0x000000074b200000|  0%| F|  |TAMS 0x000000074b100000, 0x000000074b100000| Untracked 
| 178|0x000000074b200000, 0x000000074b200000, 0x000000074b300000|  0%| F|  |TAMS 0x000000074b200000, 0x000000074b200000| Untracked 
| 179|0x000000074b300000, 0x000000074b300000, 0x000000074b400000|  0%| F|  |TAMS 0x000000074b300000, 0x000000074b300000| Untracked 
| 180|0x000000074b400000, 0x000000074b400000, 0x000000074b500000|  0%| F|  |TAMS 0x000000074b400000, 0x000000074b400000| Untracked 
| 181|0x000000074b500000, 0x000000074b500000, 0x000000074b600000|  0%| F|  |TAMS 0x000000074b500000, 0x000000074b500000| Untracked 
| 182|0x000000074b600000, 0x000000074b600000, 0x000000074b700000|  0%| F|  |TAMS 0x000000074b600000, 0x000000074b600000| Untracked 
| 183|0x000000074b700000, 0x000000074b700000, 0x000000074b800000|  0%| F|  |TAMS 0x000000074b700000, 0x000000074b700000| Untracked 
| 184|0x000000074b800000, 0x000000074b800000, 0x000000074b900000|  0%| F|  |TAMS 0x000000074b800000, 0x000000074b800000| Untracked 
| 185|0x000000074b900000, 0x000000074b900000, 0x000000074ba00000|  0%| F|  |TAMS 0x000000074b900000, 0x000000074b900000| Untracked 
| 186|0x000000074ba00000, 0x000000074ba00000, 0x000000074bb00000|  0%| F|  |TAMS 0x000000074ba00000, 0x000000074ba00000| Untracked 
| 187|0x000000074bb00000, 0x000000074bb00000, 0x000000074bc00000|  0%| F|  |TAMS 0x000000074bb00000, 0x000000074bb00000| Untracked 
| 188|0x000000074bc00000, 0x000000074bc00000, 0x000000074bd00000|  0%| F|  |TAMS 0x000000074bc00000, 0x000000074bc00000| Untracked 
| 189|0x000000074bd00000, 0x000000074bd00000, 0x000000074be00000|  0%| F|  |TAMS 0x000000074bd00000, 0x000000074bd00000| Untracked 
| 190|0x000000074be00000, 0x000000074be00000, 0x000000074bf00000|  0%| F|  |TAMS 0x000000074be00000, 0x000000074be00000| Untracked 
| 191|0x000000074bf00000, 0x000000074bf00000, 0x000000074c000000|  0%| F|  |TAMS 0x000000074bf00000, 0x000000074bf00000| Untracked 
| 192|0x000000074c000000, 0x000000074c000000, 0x000000074c100000|  0%| F|  |TAMS 0x000000074c000000, 0x000000074c000000| Untracked 
| 193|0x000000074c100000, 0x000000074c100000, 0x000000074c200000|  0%| F|  |TAMS 0x000000074c100000, 0x000000074c100000| Untracked 
| 194|0x000000074c200000, 0x000000074c200000, 0x000000074c300000|  0%| F|  |TAMS 0x000000074c200000, 0x000000074c200000| Untracked 
| 195|0x000000074c300000, 0x000000074c300000, 0x000000074c400000|  0%| F|  |TAMS 0x000000074c300000, 0x000000074c300000| Untracked 
| 196|0x000000074c400000, 0x000000074c400000, 0x000000074c500000|  0%| F|  |TAMS 0x000000074c400000, 0x000000074c400000| Untracked 
| 197|0x000000074c500000, 0x000000074c500000, 0x000000074c600000|  0%| F|  |TAMS 0x000000074c500000, 0x000000074c500000| Untracked 
| 198|0x000000074c600000, 0x000000074c600000, 0x000000074c700000|  0%| F|  |TAMS 0x000000074c600000, 0x000000074c600000| Untracked 
| 199|0x000000074c700000, 0x000000074c700000, 0x000000074c800000|  0%| F|  |TAMS 0x000000074c700000, 0x000000074c700000| Untracked 
| 200|0x000000074c800000, 0x000000074c800000, 0x000000074c900000|  0%| F|  |TAMS 0x000000074c800000, 0x000000074c800000| Untracked 
| 201|0x000000074c900000, 0x000000074c900000, 0x000000074ca00000|  0%| F|  |TAMS 0x000000074c900000, 0x000000074c900000| Untracked 
| 202|0x000000074ca00000, 0x000000074ca00000, 0x000000074cb00000|  0%| F|  |TAMS 0x000000074ca00000, 0x000000074ca00000| Untracked 
| 203|0x000000074cb00000, 0x000000074cb00000, 0x000000074cc00000|  0%| F|  |TAMS 0x000000074cb00000, 0x000000074cb00000| Untracked 
| 204|0x000000074cc00000, 0x000000074cc00000, 0x000000074cd00000|  0%| F|  |TAMS 0x000000074cc00000, 0x000000074cc00000| Untracked 
| 205|0x000000074cd00000, 0x000000074cd00000, 0x000000074ce00000|  0%| F|  |TAMS 0x000000074cd00000, 0x000000074cd00000| Untracked 
| 206|0x000000074ce00000, 0x000000074ce00000, 0x000000074cf00000|  0%| F|  |TAMS 0x000000074ce00000, 0x000000074ce00000| Untracked 
| 207|0x000000074cf00000, 0x000000074cf00000, 0x000000074d000000|  0%| F|  |TAMS 0x000000074cf00000, 0x000000074cf00000| Untracked 
| 208|0x000000074d000000, 0x000000074d000000, 0x000000074d100000|  0%| F|  |TAMS 0x000000074d000000, 0x000000074d000000| Untracked 
| 209|0x000000074d100000, 0x000000074d100000, 0x000000074d200000|  0%| F|  |TAMS 0x000000074d100000, 0x000000074d100000| Untracked 
| 210|0x000000074d200000, 0x000000074d200000, 0x000000074d300000|  0%| F|  |TAMS 0x000000074d200000, 0x000000074d200000| Untracked 
| 211|0x000000074d300000, 0x000000074d300000, 0x000000074d400000|  0%| F|  |TAMS 0x000000074d300000, 0x000000074d300000| Untracked 
| 212|0x000000074d400000, 0x000000074d400000, 0x000000074d500000|  0%| F|  |TAMS 0x000000074d400000, 0x000000074d400000| Untracked 
| 213|0x000000074d500000, 0x000000074d500000, 0x000000074d600000|  0%| F|  |TAMS 0x000000074d500000, 0x000000074d500000| Untracked 
| 214|0x000000074d600000, 0x000000074d600000, 0x000000074d700000|  0%| F|  |TAMS 0x000000074d600000, 0x000000074d600000| Untracked 
| 215|0x000000074d700000, 0x000000074d700000, 0x000000074d800000|  0%| F|  |TAMS 0x000000074d700000, 0x000000074d700000| Untracked 
| 216|0x000000074d800000, 0x000000074d800000, 0x000000074d900000|  0%| F|  |TAMS 0x000000074d800000, 0x000000074d800000| Untracked 
| 217|0x000000074d900000, 0x000000074d900000, 0x000000074da00000|  0%| F|  |TAMS 0x000000074d900000, 0x000000074d900000| Untracked 
| 218|0x000000074da00000, 0x000000074da00000, 0x000000074db00000|  0%| F|  |TAMS 0x000000074da00000, 0x000000074da00000| Untracked 
| 219|0x000000074db00000, 0x000000074db00000, 0x000000074dc00000|  0%| F|  |TAMS 0x000000074db00000, 0x000000074db00000| Untracked 
| 220|0x000000074dc00000, 0x000000074dc00000, 0x000000074dd00000|  0%| F|  |TAMS 0x000000074dc00000, 0x000000074dc00000| Untracked 
| 221|0x000000074dd00000, 0x000000074dd00000, 0x000000074de00000|  0%| F|  |TAMS 0x000000074dd00000, 0x000000074dd00000| Untracked 
| 222|0x000000074de00000, 0x000000074de00000, 0x000000074df00000|  0%| F|  |TAMS 0x000000074de00000, 0x000000074de00000| Untracked 
| 223|0x000000074df00000, 0x000000074df00000, 0x000000074e000000|  0%| F|  |TAMS 0x000000074df00000, 0x000000074df00000| Untracked 
| 224|0x000000074e000000, 0x000000074e000000, 0x000000074e100000|  0%| F|  |TAMS 0x000000074e000000, 0x000000074e000000| Untracked 
| 225|0x000000074e100000, 0x000000074e100000, 0x000000074e200000|  0%| F|  |TAMS 0x000000074e100000, 0x000000074e100000| Untracked 
| 226|0x000000074e200000, 0x000000074e200000, 0x000000074e300000|  0%| F|  |TAMS 0x000000074e200000, 0x000000074e200000| Untracked 
| 227|0x000000074e300000, 0x000000074e300000, 0x000000074e400000|  0%| F|  |TAMS 0x000000074e300000, 0x000000074e300000| Untracked 
| 228|0x000000074e400000, 0x000000074e400000, 0x000000074e500000|  0%| F|  |TAMS 0x000000074e400000, 0x000000074e400000| Untracked 
| 229|0x000000074e500000, 0x000000074e500000, 0x000000074e600000|  0%| F|  |TAMS 0x000000074e500000, 0x000000074e500000| Untracked 
| 230|0x000000074e600000, 0x000000074e600000, 0x000000074e700000|  0%| F|  |TAMS 0x000000074e600000, 0x000000074e600000| Untracked 
| 231|0x000000074e700000, 0x000000074e700000, 0x000000074e800000|  0%| F|  |TAMS 0x000000074e700000, 0x000000074e700000| Untracked 
| 232|0x000000074e800000, 0x000000074e82b3d0, 0x000000074e900000| 16%| E|  |TAMS 0x000000074e800000, 0x000000074e800000| Complete 
| 233|0x000000074e900000, 0x000000074ea00000, 0x000000074ea00000|100%| E|CS|TAMS 0x000000074e900000, 0x000000074e900000| Complete 
| 234|0x000000074ea00000, 0x000000074eb00000, 0x000000074eb00000|100%| E|CS|TAMS 0x000000074ea00000, 0x000000074ea00000| Complete 
| 235|0x000000074eb00000, 0x000000074ec00000, 0x000000074ec00000|100%| E|CS|TAMS 0x000000074eb00000, 0x000000074eb00000| Complete 
| 236|0x000000074ec00000, 0x000000074ed00000, 0x000000074ed00000|100%| E|CS|TAMS 0x000000074ec00000, 0x000000074ec00000| Complete 
| 237|0x000000074ed00000, 0x000000074ee00000, 0x000000074ee00000|100%| E|CS|TAMS 0x000000074ed00000, 0x000000074ed00000| Complete 
| 238|0x000000074ee00000, 0x000000074ef00000, 0x000000074ef00000|100%| E|CS|TAMS 0x000000074ee00000, 0x000000074ee00000| Complete 
| 239|0x000000074ef00000, 0x000000074f000000, 0x000000074f000000|100%| E|CS|TAMS 0x000000074ef00000, 0x000000074ef00000| Complete 
| 240|0x000000074f000000, 0x000000074f0426e0, 0x000000074f100000| 25%| S|CS|TAMS 0x000000074f000000, 0x000000074f000000| Complete 
| 241|0x000000074f100000, 0x000000074f200000, 0x000000074f200000|100%| E|CS|TAMS 0x000000074f100000, 0x000000074f100000| Complete 
| 242|0x000000074f200000, 0x000000074f300000, 0x000000074f300000|100%| E|CS|TAMS 0x000000074f200000, 0x000000074f200000| Complete 
| 243|0x000000074f300000, 0x000000074f400000, 0x000000074f400000|100%| E|CS|TAMS 0x000000074f300000, 0x000000074f300000| Complete 
| 244|0x000000074f400000, 0x000000074f500000, 0x000000074f500000|100%| E|CS|TAMS 0x000000074f400000, 0x000000074f400000| Complete 
| 245|0x000000074f500000, 0x000000074f600000, 0x000000074f600000|100%| E|CS|TAMS 0x000000074f500000, 0x000000074f500000| Complete 
| 246|0x000000074f600000, 0x000000074f700000, 0x000000074f700000|100%| E|CS|TAMS 0x000000074f600000, 0x000000074f600000| Complete 
| 247|0x000000074f700000, 0x000000074f800000, 0x000000074f800000|100%| E|CS|TAMS 0x000000074f700000, 0x000000074f700000| Complete 
| 248|0x000000074f800000, 0x000000074f900000, 0x000000074f900000|100%| E|CS|TAMS 0x000000074f800000, 0x000000074f800000| Complete 
| 249|0x000000074f900000, 0x000000074fa00000, 0x000000074fa00000|100%| E|CS|TAMS 0x000000074f900000, 0x000000074f900000| Complete 
| 250|0x000000074fa00000, 0x000000074fb00000, 0x000000074fb00000|100%| E|CS|TAMS 0x000000074fa00000, 0x000000074fa00000| Complete 
| 251|0x000000074fb00000, 0x000000074fc00000, 0x000000074fc00000|100%| E|CS|TAMS 0x000000074fb00000, 0x000000074fb00000| Complete 
| 252|0x000000074fc00000, 0x000000074fd00000, 0x000000074fd00000|100%| E|CS|TAMS 0x000000074fc00000, 0x000000074fc00000| Complete 
| 253|0x000000074fd00000, 0x000000074fe00000, 0x000000074fe00000|100%| E|CS|TAMS 0x000000074fd00000, 0x000000074fd00000| Complete 
| 254|0x000000074fe00000, 0x000000074ff00000, 0x000000074ff00000|100%| E|CS|TAMS 0x000000074fe00000, 0x000000074fe00000| Complete 
| 255|0x000000074ff00000, 0x0000000750000000, 0x0000000750000000|100%| E|CS|TAMS 0x000000074ff00000, 0x000000074ff00000| Complete 
| 256|0x0000000750000000, 0x0000000750100000, 0x0000000750100000|100%| E|CS|TAMS 0x0000000750000000, 0x0000000750000000| Complete 
| 257|0x0000000750100000, 0x0000000750200000, 0x0000000750200000|100%| E|CS|TAMS 0x0000000750100000, 0x0000000750100000| Complete 

Card table byte_map: [0x00000265d85c0000,0x00000265d8bc0000] _byte_map_base: 0x00000265d4bc0000

Marking Bits (Prev, Next): (CMBitMap*) 0x00000265c0f16a30, (CMBitMap*) 0x00000265c0f169f8
 Prev Bits: [0x00000265dd930000, 0x00000265e0930000)
 Next Bits: [0x00000265da930000, 0x00000265dd930000)

Polling page: 0x0000026597e00000

Metaspace:

Usage:
  Non-class:     91.49 MB capacity,    90.44 MB ( 99%) used,   807.96 KB ( <1%) free+waste,   266.44 KB ( <1%) overhead. 
      Class:     15.90 MB capacity,    15.14 MB ( 95%) used,   656.92 KB (  4%) free+waste,   123.00 KB ( <1%) overhead. 
       Both:    107.39 MB capacity,   105.58 MB ( 98%) used,     1.43 MB (  1%) free+waste,   389.44 KB ( <1%) overhead. 

Virtual space:
  Non-class space:       94.00 MB reserved,      92.58 MB ( 98%) committed 
      Class space:        1.00 GB reserved,      16.63 MB (  2%) committed 
             Both:        1.09 GB reserved,     109.20 MB ( 10%) committed 

Chunk freelists:
   Non-Class:  123.63 KB
       Class:  80.63 KB
        Both:  204.25 KB

CodeHeap 'non-profiled nmethods': size=119168Kb used=24648Kb max_used=24648Kb free=94519Kb
 bounds [0x00000265d1160000, 0x00000265d2980000, 0x00000265d85c0000]
CodeHeap 'profiled nmethods': size=119168Kb used=47406Kb max_used=47406Kb free=71762Kb
 bounds [0x00000265c9d00000, 0x00000265ccbb0000, 0x00000265d1160000]
CodeHeap 'non-nmethods': size=7424Kb used=1755Kb max_used=3459Kb free=5668Kb
 bounds [0x00000265c95c0000, 0x00000265c9990000, 0x00000265c9d00000]
 total_blobs=39379 nmethods=20132 adapters=1254
 compilation: enabled
              stopped_count=0, restarted_count=0
 full_count=0

Compilation events (10 events):
Event: 10580.979 Thread 0x00000265bf6b0800 26831       4       javax.swing.BoxLayout::<init> (44 bytes)
Event: 10580.980 Thread 0x00000265bf6b0800 nmethod 26831 0x00000265d2974c90 code [0x00000265d2974e20, 0x00000265d2974f98]
Event: 10581.692 Thread 0x00000265bf6b1000 26832       3       ui.utils.e.h::cJ (17 bytes)
Event: 10581.692 Thread 0x00000265bf6b1000 nmethod 26832 0x00000265ccba6210 code [0x00000265ccba63e0, 0x00000265ccba6650]
Event: 10581.984 Thread 0x00000265bf6b0800 26833       4       ui.views.c.v::bCZ (36 bytes)
Event: 10581.984 Thread 0x00000265bf6b1000 26834   !   3       com.jidesoft.grid.TreeTableModel::setOriginalRows (125 bytes)
Event: 10581.985 Thread 0x00000265bf6b1000 nmethod 26834 0x00000265ccba6710 code [0x00000265ccba6a20, 0x00000265ccba80a0]
Event: 10581.996 Thread 0x00000265bf6b0800 nmethod 26833 0x00000265d2975010 code [0x00000265d29752a0, 0x00000265d2975aa0]
Event: 10582.285 Thread 0x00000265bf6b0800 26835       4       com.jidesoft.editor.CodeEditor::r (40 bytes)
Event: 10582.290 Thread 0x00000265bf6b0800 nmethod 26835 0x00000265d2976790 code [0x00000265d29769e0, 0x00000265d2977048]

GC Heap History (10 events):
Event: 10577.618 GC heap before
{Heap before GC invocations=376 (full 28):
 garbage-first heap   total 264192K, used 129133K [0x0000000740000000, 0x0000000800000000)
  region size 1024K, 3 young (3072K), 1 survivors (1024K)
 Metaspace       used 108063K, capacity 109901K, committed 111824K, reserved 1144832K
  class space    used 15503K, capacity 16283K, committed 17024K, reserved 1048576K
}
Event: 10577.619 GC heap after
{Heap after GC invocations=377 (full 28):
 garbage-first heap   total 264192K, used 128113K [0x0000000740000000, 0x0000000800000000)
  region size 1024K, 1 young (1024K), 1 survivors (1024K)
 Metaspace       used 108063K, capacity 109901K, committed 111824K, reserved 1144832K
  class space    used 15503K, capacity 16283K, committed 17024K, reserved 1048576K
}
Event: 10578.875 GC heap before
{Heap before GC invocations=378 (full 28):
 garbage-first heap   total 264192K, used 129137K [0x0000000740000000, 0x0000000800000000)
  region size 1024K, 3 young (3072K), 1 survivors (1024K)
 Metaspace       used 108075K, capacity 109901K, committed 111824K, reserved 1144832K
  class space    used 15503K, capacity 16283K, committed 17024K, reserved 1048576K
}
Event: 10578.877 GC heap after
{Heap after GC invocations=379 (full 28):
 garbage-first heap   total 264192K, used 128120K [0x0000000740000000, 0x0000000800000000)
  region size 1024K, 1 young (1024K), 1 survivors (1024K)
 Metaspace       used 108075K, capacity 109901K, committed 111824K, reserved 1144832K
  class space    used 15503K, capacity 16283K, committed 17024K, reserved 1048576K
}
Event: 10578.886 GC heap before
{Heap before GC invocations=379 (full 28):
 garbage-first heap   total 264192K, used 131192K [0x0000000740000000, 0x0000000800000000)
  region size 1024K, 2 young (2048K), 1 survivors (1024K)
 Metaspace       used 108076K, capacity 109901K, committed 111824K, reserved 1144832K
  class space    used 15503K, capacity 16283K, committed 17024K, reserved 1048576K
}
Event: 10578.957 GC heap after
{Heap after GC invocations=380 (full 29):
 garbage-first heap   total 264192K, used 124981K [0x0000000740000000, 0x0000000800000000)
  region size 1024K, 0 young (0K), 0 survivors (0K)
 Metaspace       used 108076K, capacity 109901K, committed 111824K, reserved 1144832K
  class space    used 15503K, capacity 16283K, committed 17024K, reserved 1048576K
}
Event: 10580.093 GC heap before
{Heap before GC invocations=380 (full 29):
 garbage-first heap   total 264192K, used 154677K [0x0000000740000000, 0x0000000800000000)
  region size 1024K, 30 young (30720K), 0 survivors (0K)
 Metaspace       used 108087K, capacity 109902K, committed 111824K, reserved 1144832K
  class space    used 15503K, capacity 16283K, committed 17024K, reserved 1048576K
}
Event: 10580.095 GC heap after
{Heap after GC invocations=381 (full 29):
 garbage-first heap   total 264192K, used 125292K [0x0000000740000000, 0x0000000800000000)
  region size 1024K, 1 young (1024K), 1 survivors (1024K)
 Metaspace       used 108087K, capacity 109902K, committed 111824K, reserved 1144832K
  class space    used 15503K, capacity 16283K, committed 17024K, reserved 1048576K
}
Event: 10580.862 GC heap before
{Heap before GC invocations=382 (full 29):
 garbage-first heap   total 264192K, used 144748K [0x0000000740000000, 0x0000000800000000)
  region size 1024K, 18 young (18432K), 1 survivors (1024K)
 Metaspace       used 108088K, capacity 109902K, committed 111824K, reserved 1144832K
  class space    used 15503K, capacity 16283K, committed 17024K, reserved 1048576K
}
Event: 10580.865 GC heap after
{Heap after GC invocations=383 (full 29):
 garbage-first heap   total 264192K, used 128319K [0x0000000740000000, 0x0000000800000000)
  region size 1024K, 1 young (1024K), 1 survivors (1024K)
 Metaspace       used 108088K, capacity 109902K, committed 111824K, reserved 1144832K
  class space    used 15503K, capacity 16283K, committed 17024K, reserved 1048576K
}

Deoptimization events (10 events):
Event: 10498.257 Thread 0x00000265a380d000 Uncommon trap: reason=speculate_class_check action=maybe_recompile pc=0x00000265d2874a88 method=javax.swing.AbstractAction.setEnabledFromAction(Ljavax/swing/JComponent;Ljavax/swing/Action;)V @ 15 c2
Event: 10498.257 Thread 0x00000265a380d000 Uncommon trap: reason=speculate_class_check action=maybe_recompile pc=0x00000265d2874a88 method=javax.swing.AbstractAction.setEnabledFromAction(Ljavax/swing/JComponent;Ljavax/swing/Action;)V @ 15 c2
Event: 10498.257 Thread 0x00000265a380d000 Uncommon trap: reason=speculate_class_check action=maybe_recompile pc=0x00000265d2874a88 method=javax.swing.AbstractAction.setEnabledFromAction(Ljavax/swing/JComponent;Ljavax/swing/Action;)V @ 15 c2
Event: 10503.741 Thread 0x00000265a380d000 Uncommon trap: reason=unstable_if action=reinterpret pc=0x00000265d16a22c4 method=java.awt.Rectangle.inside(II)Z @ 15 c2
Event: 10553.846 Thread 0x00000265a380d000 Uncommon trap: reason=class_check action=maybe_recompile pc=0x00000265d1ff2c7c method=javax.swing.plaf.synth.ParsedSynthStyle$DelegatingPainter.paintPanelBackground(Ljavax/swing/plaf/synth/SynthContext;Ljava/awt/Graphics;IIII)V @ 16 c2
Event: 10553.849 Thread 0x00000265a380d000 Uncommon trap: reason=unstable_if action=reinterpret pc=0x00000265d26400ac method=com.jidesoft.grid.CellSpanTable.getCellRect(IIZ)Ljava/awt/Rectangle; @ 33 c2
Event: 10553.849 Thread 0x00000265a380d000 Uncommon trap: reason=unstable_if action=reinterpret pc=0x00000265d25ba02c method=com.jidesoft.grid.JideTable.getCellRect(IIZ)Ljava/awt/Rectangle; @ 206 c2
Event: 10557.730 Thread 0x00000265a380d000 Uncommon trap: reason=class_check action=maybe_recompile pc=0x00000265d254487c method=ui.views.waveform.executive.protobuf.WVTree$WVTreeNode.getColumnValuesCount()I @ 4 c2
Event: 10557.730 Thread 0x00000265a380d000 Uncommon trap: reason=class_check action=maybe_recompile pc=0x00000265d254487c method=ui.views.waveform.executive.protobuf.WVTree$WVTreeNode.getColumnValuesCount()I @ 4 c2
Event: 10557.820 Thread 0x00000265a380d000 Uncommon trap: reason=unstable_if action=reinterpret pc=0x00000265d232d998 method=com.jidesoft.editor.CodeEditor.modelPositionToOffset(Lcom/jidesoft/editor/caret/CaretPosition;)I @ 185 c2

Classes redefined (0 events):
No events

Internal exceptions (10 events):
Event: 10559.909 Thread 0x00000265a380d000 Exception <a 'java/io/FileNotFoundException'{0x000000074e0af8e8}> (0x000000074e0af8e8) thrown at [t:/workspace/open/src/hotspot/share/prims/jni.cpp, line 615]
Event: 10559.909 Thread 0x00000265a380d000 Exception <a 'java/io/FileNotFoundException'{0x000000074e0b01c0}> (0x000000074e0b01c0) thrown at [t:/workspace/open/src/hotspot/share/prims/jni.cpp, line 615]
Event: 10564.910 Thread 0x00000265a380d000 Exception <a 'java/io/FileNotFoundException'{0x00000007501372e0}> (0x00000007501372e0) thrown at [t:/workspace/open/src/hotspot/share/prims/jni.cpp, line 615]
Event: 10564.910 Thread 0x00000265a380d000 Exception <a 'java/io/FileNotFoundException'{0x0000000750137bb8}> (0x0000000750137bb8) thrown at [t:/workspace/open/src/hotspot/share/prims/jni.cpp, line 615]
Event: 10569.913 Thread 0x00000265a380d000 Exception <a 'java/io/FileNotFoundException'{0x000000074fdda780}> (0x000000074fdda780) thrown at [t:/workspace/open/src/hotspot/share/prims/jni.cpp, line 615]
Event: 10569.913 Thread 0x00000265a380d000 Exception <a 'java/io/FileNotFoundException'{0x000000074fddb058}> (0x000000074fddb058) thrown at [t:/workspace/open/src/hotspot/share/prims/jni.cpp, line 615]
Event: 10574.913 Thread 0x00000265a380d000 Exception <a 'java/io/FileNotFoundException'{0x00000007501509d8}> (0x00000007501509d8) thrown at [t:/workspace/open/src/hotspot/share/prims/jni.cpp, line 615]
Event: 10574.913 Thread 0x00000265a380d000 Exception <a 'java/io/FileNotFoundException'{0x00000007501512b0}> (0x00000007501512b0) thrown at [t:/workspace/open/src/hotspot/share/prims/jni.cpp, line 615]
Event: 10579.914 Thread 0x00000265a380d000 Exception <a 'java/io/FileNotFoundException'{0x000000074e743400}> (0x000000074e743400) thrown at [t:/workspace/open/src/hotspot/share/prims/jni.cpp, line 615]
Event: 10579.914 Thread 0x00000265a380d000 Exception <a 'java/io/FileNotFoundException'{0x000000074e743cd8}> (0x000000074e743cd8) thrown at [t:/workspace/open/src/hotspot/share/prims/jni.cpp, line 615]

Events (10 events):
Event: 10580.946 Executing VM operation: RevokeBias done
Event: 10580.995 Thread 0x00000265a57cd800 Thread added: 0x00000265a57cd800
Event: 10580.998 Thread 0x00000265a57cd800 Thread exited: 0x00000265a57cd800
Event: 10581.953 Thread 0x00000265a57cd800 Thread added: 0x00000265a57cd800
Event: 10581.956 Executing VM operation: RevokeBias
Event: 10581.959 Executing VM operation: RevokeBias done
Event: 10581.969 Executing VM operation: BulkRevokeBias
Event: 10581.969 Executing VM operation: BulkRevokeBias done
Event: 10581.995 Thread 0x00000265a57cb000 Thread added: 0x00000265a57cb000
Event: 10581.998 Thread 0x00000265a57cb000 Thread exited: 0x00000265a57cb000


Dynamic libraries:
0x00007ff62bce0000 - 0x00007ff62bd0f000 	C:\Xilinx\Vivado\2020.2\bin\unwrapped\win64.o\vivado.exe
0x00007ffce7880000 - 0x00007ffce7ae7000 	C:\WINDOWS\SYSTEM32\ntdll.dll
0x00007ffce6990000 - 0x00007ffce6a59000 	C:\WINDOWS\System32\KERNEL32.DLL
0x00007ffce5220000 - 0x00007ffce560f000 	C:\WINDOWS\System32\KERNELBASE.dll
0x00007ffce4c60000 - 0x00007ffce4dab000 	C:\WINDOWS\System32\ucrtbase.dll
0x00007ffcb4650000 - 0x00007ffcb46f6000 	C:\WINDOWS\SYSTEM32\MSVCP140.dll
0x00007ffcb4630000 - 0x00007ffcb4646000 	C:\WINDOWS\SYSTEM32\VCRUNTIME140.dll
0x00007ffcdd320000 - 0x00007ffcdd333000 	C:\Xilinx\Vivado\2020.2\lib\win64.o\libboost_signals.dll
0x00007ffc5f910000 - 0x00007ffc60a87000 	C:\Xilinx\Vivado\2020.2\lib\win64.o\librdi_common.dll
0x00007ffcdc6c0000 - 0x00007ffcdc6d8000 	C:\Xilinx\Vivado\2020.2\lib\win64.o\librdi_commonmain.dll
0x00007ffce7380000 - 0x00007ffce7545000 	C:\WINDOWS\System32\USER32.dll
0x00007ffce50a0000 - 0x00007ffce50c7000 	C:\WINDOWS\System32\win32u.dll
0x00007ffccaf90000 - 0x00007ffccafb2000 	C:\Xilinx\Vivado\2020.2\lib\win64.o\libboost_filesystem.dll
0x00007ffce70f0000 - 0x00007ffce711b000 	C:\WINDOWS\System32\GDI32.dll
0x00007ffc5f5a0000 - 0x00007ffc5f90e000 	C:\Xilinx\Vivado\2020.2\lib\win64.o\libCOIN-all.dll
0x00007ffce7550000 - 0x00007ffce7604000 	C:\WINDOWS\System32\ADVAPI32.dll
0x00007ffce4a80000 - 0x00007ffce4bac000 	C:\WINDOWS\System32\gdi32full.dll
0x00007ffcdff70000 - 0x00007ffcdff79000 	C:\Xilinx\Vivado\2020.2\lib\win64.o\librdi_commonversion.dll
0x00007ffce57d0000 - 0x00007ffce5879000 	C:\WINDOWS\System32\msvcrt.dll
0x00007ffce49d0000 - 0x00007ffce4a73000 	C:\WINDOWS\System32\msvcp_win.dll
0x00007ffce67b0000 - 0x00007ffce6856000 	C:\WINDOWS\System32\sechost.dll
0x00007ffce5a20000 - 0x00007ffce6173000 	C:\WINDOWS\System32\SHELL32.dll
0x00007ffce5620000 - 0x00007ffce5738000 	C:\WINDOWS\System32\RPCRT4.dll
0x00007ffcdd430000 - 0x00007ffcdd440000 	C:\Xilinx\Vivado\2020.2\lib\win64.o\libboost_date_time.dll
0x00007ffc83ec0000 - 0x00007ffc84059000 	C:\Xilinx\Vivado\2020.2\lib\win64.o\librdi_commonxillic.dll
0x00007ffce4f30000 - 0x00007ffce509a000 	C:\WINDOWS\System32\wintypes.dll
0x00007ffce6d60000 - 0x00007ffce70e6000 	C:\WINDOWS\System32\combase.dll
0x00007ffce5980000 - 0x00007ffce59f4000 	C:\WINDOWS\System32\WS2_32.dll
0x00000000599a0000 - 0x0000000059acb000 	C:\Xilinx\Vivado\2020.2\lib\win64.o\tcl85t.dll
0x00007ffcbd580000 - 0x00007ffcbd5f3000 	C:\Xilinx\Vivado\2020.2\lib\win64.o\libboost_program_options.dll
0x00007ffc92280000 - 0x00007ffc92391000 	C:\Xilinx\Vivado\2020.2\lib\win64.o\libboost_regex.dll
0x00007ffcde0c0000 - 0x00007ffcde0c9000 	C:\Xilinx\Vivado\2020.2\lib\win64.o\libboost_system.dll
0x00007ffcccc20000 - 0x00007ffcccc3e000 	C:\Xilinx\Vivado\2020.2\lib\win64.o\libboost_thread.dll
0x00007ffcdb480000 - 0x00007ffcdb48c000 	C:\Xilinx\Vivado\2020.2\lib\win64.o\libboost_xilinx.dll
0x00007ffcbcac0000 - 0x00007ffcbcb42000 	C:\Xilinx\Vivado\2020.2\lib\win64.o\libhdlpsolve.dll
0x00007ffc60a90000 - 0x00007ffc61882600 	C:\Xilinx\Vivado\2020.2\lib\win64.o\libisl_iostreams.dll
0x00007ffcbb830000 - 0x00007ffcbb8d5000 	C:\Xilinx\Vivado\2020.2\lib\win64.o\libhdxml.dll
0x00007ffcc7dc0000 - 0x00007ffcc7de8000 	C:\Xilinx\Vivado\2020.2\lib\win64.o\libisl_sysinfo.dll
0x00007ffcbd410000 - 0x00007ffcbd475000 	C:\Xilinx\Vivado\2020.2\lib\win64.o\liblmx6.0.dll
0x00007ffcc9b40000 - 0x00007ffcc9b5a000 	C:\Xilinx\Vivado\2020.2\lib\win64.o\pthreadVC2.dll
0x00007ffcc9510000 - 0x00007ffcc952c000 	C:\Xilinx\Vivado\2020.2\lib\win64.o\librdiconfig.dll
0x00007ffce7610000 - 0x00007ffce7676000 	C:\WINDOWS\System32\SHLWAPI.dll
0x00007ffcc7df0000 - 0x00007ffcc7e11000 	C:\Xilinx\Vivado\2020.2\lib\win64.o\librdizlib.dll
0x0000000012000000 - 0x0000000012270000 	C:\Xilinx\Vivado\2020.2\lib\win64.o\xerces-c_3_1.dll
0x00007ffccad70000 - 0x00007ffccad8a000 	C:\WINDOWS\SYSTEM32\NETAPI32.dll
0x00007ffcd8b10000 - 0x00007ffcd8d98000 	C:\WINDOWS\SYSTEM32\WININET.dll
0x00007ffcde7a0000 - 0x00007ffcde8c8000 	C:\WINDOWS\SYSTEM32\WINHTTP.dll
0x00007ffcd2530000 - 0x00007ffcd2710000 	C:\WINDOWS\SYSTEM32\urlmon.dll
0x00007ffc63440000 - 0x00007ffc6371b000 	C:\Xilinx\Vivado\2020.2\lib\win64.o\libXil_lmgr11.dll
0x00007ffce5880000 - 0x00007ffce5970000 	C:\WINDOWS\System32\COMDLG32.dll
0x00007ffce48c0000 - 0x00007ffce48ea000 	C:\WINDOWS\SYSTEM32\bcrypt.dll
0x00007ffce6a60000 - 0x00007ffce6b55000 	C:\WINDOWS\System32\shcore.dll
0x00007ffcbe9f0000 - 0x00007ffcbe9fa000 	C:\WINDOWS\SYSTEM32\WSOCK32.dll
0x00007ffce6c20000 - 0x00007ffce6cf6000 	C:\WINDOWS\System32\OLEAUT32.dll
0x00007ffce6610000 - 0x00007ffce67a7000 	C:\WINDOWS\System32\ole32.dll
0x00007ffcc7430000 - 0x00007ffcc7457000 	C:\WINDOWS\SYSTEM32\VCOMP140.DLL
0x00007ffce5190000 - 0x00007ffce5210000 	C:\WINDOWS\System32\WINTRUST.dll
0x00007ffc5ce70000 - 0x00007ffc5ed87000 	C:\Xilinx\Vivado\2020.2\lib\win64.o\gurobi90.dll
0x00007ffce4db0000 - 0x00007ffce4f27000 	C:\WINDOWS\System32\CRYPT32.dll
0x00007ffce6910000 - 0x00007ffce6984000 	C:\WINDOWS\System32\WLDAP32.dll
0x00007ffce7120000 - 0x00007ffce7128000 	C:\WINDOWS\System32\Normaliz.dll
0x00007ffccf5b0000 - 0x00007ffccf5c6000 	C:\Xilinx\Vivado\2020.2\lib\win64.o\libboost_iostreams.dll
0x00007ffcc9530000 - 0x00007ffcc9553000 	C:\Xilinx\Vivado\2020.2\lib\win64.o\libisl_iosutils.dll
0x00007ffcdbd50000 - 0x00007ffcdbd5c000 	C:\Xilinx\Vivado\2020.2\lib\win64.o\libboost_chrono.dll
0x00007ffce25f0000 - 0x00007ffce2e4e000 	C:\WINDOWS\SYSTEM32\windows.storage.dll
0x00007ffcd21d0000 - 0x00007ffcd2495000 	C:\WINDOWS\SYSTEM32\iertutil.dll
0x00007ffccbbc0000 - 0x00007ffccbc74000 	C:\WINDOWS\WinSxS\amd64_microsoft.windows.common-controls_6595b64144ccf1df_5.82.26100.7309_none_87ef0e2f7a2c9771\COMCTL32.dll
0x00007ffcdeb30000 - 0x00007ffcdeb53000 	C:\WINDOWS\SYSTEM32\dhcpcsvc.DLL
0x00007ffcd2120000 - 0x00007ffcd2149000 	C:\WINDOWS\SYSTEM32\srvcli.dll
0x00007ffce3150000 - 0x00007ffce315d000 	C:\WINDOWS\SYSTEM32\netutils.dll
0x00007ffce3cf0000 - 0x00007ffce3d5b000 	C:\WINDOWS\SYSTEM32\MSWSOCK.DLL
0x00007ffce7680000 - 0x00007ffce76b1000 	C:\WINDOWS\System32\IMM32.DLL
0x00007ffce4020000 - 0x00007ffce4033000 	C:\WINDOWS\SYSTEM32\MSASN1.dll
0x00007ffce3780000 - 0x00007ffce379b000 	C:\WINDOWS\SYSTEM32\kernel.appcore.dll
0x00007ffc5c940000 - 0x00007ffc5ce62000 	C:\Xilinx\Vivado\2020.2\lib\win64.o\librdi_commontasks.dll
0x00007ffc5be10000 - 0x00007ffc5c933000 	C:\Xilinx\Vivado\2020.2\tps\win64\jre11.0.2\bin\server\jvm.dll
0x00007ffc5bb30000 - 0x00007ffc5be05000 	C:\Xilinx\Vivado\2020.2\lib\win64.o\librdi_sio.dll
0x00007ffcd9800000 - 0x00007ffcd980b000 	C:\WINDOWS\SYSTEM32\VERSION.dll
0x00007ffce7830000 - 0x00007ffce7838000 	C:\WINDOWS\System32\PSAPI.DLL
0x00007ffce3190000 - 0x00007ffce31c4000 	C:\WINDOWS\SYSTEM32\IPHLPAPI.DLL
0x00007ffcccd80000 - 0x00007ffcccdb5000 	C:\WINDOWS\SYSTEM32\WINMM.dll
0x00007ffc59070000 - 0x00007ffc5bb2e000 	C:\Xilinx\Vivado\2020.2\lib\win64.o\librdi_tcltasks.dll
0x00007ffc56e80000 - 0x00007ffc57326000 	C:\Xilinx\Vivado\2020.2\lib\win64.o\librdi_bitstream.dll
0x00007ffc62cd0000 - 0x00007ffc62e83000 	C:\Xilinx\Vivado\2020.2\lib\win64.o\librdi_board.dll
0x00007ffc58e80000 - 0x00007ffc5906a000 	C:\Xilinx\Vivado\2020.2\lib\win64.o\librdi_chipscopeimpl.dll
0x00007ffc8b250000 - 0x00007ffc8b346000 	C:\Xilinx\Vivado\2020.2\lib\win64.o\librdi_chipscope.dll
0x00007ffc527e0000 - 0x00007ffc5460c000 	C:\Xilinx\Vivado\2020.2\lib\win64.o\librdi_constraints.dll
0x00007ffcbd120000 - 0x00007ffcbd19e000 	C:\Xilinx\Vivado\2020.2\lib\win64.o\librdi_boarddep.dll
0x00007ffc56d10000 - 0x00007ffc56e71000 	C:\Xilinx\Vivado\2020.2\lib\win64.o\librdi_containers.dll
0x00007ffc3b2c0000 - 0x00007ffc3d67d000 	C:\Xilinx\Vivado\2020.2\lib\win64.o\librdi_coregen.dll
0x00007ffc51a60000 - 0x00007ffc52178000 	C:\Xilinx\Vivado\2020.2\lib\win64.o\librdi_coregenipxact.dll
0x00007ffc569a0000 - 0x00007ffc56d08000 	C:\Xilinx\Vivado\2020.2\lib\win64.o\librdi_dlyest.dll
0x00007ffbdeed0000 - 0x00007ffbf74af000 	C:\Xilinx\Vivado\2020.2\lib\win64.o\librdi_device.dll
0x00007ffc54610000 - 0x00007ffc56371000 	C:\Xilinx\Vivado\2020.2\lib\win64.o\librdi_designutils.dll
0x00007ffc52180000 - 0x00007ffc527dd000 	C:\Xilinx\Vivado\2020.2\lib\win64.o\librdi_drc.dll
0x00007ffc51110000 - 0x00007ffc517d2000 	C:\Xilinx\Vivado\2020.2\lib\win64.o\librdi_filemgmt.dll
0x00007ffc92d80000 - 0x00007ffc92e33000 	C:\Xilinx\Vivado\2020.2\lib\win64.o\librdi_dsp.dll
0x00007ffc56680000 - 0x00007ffc5699d000 	C:\Xilinx\Vivado\2020.2\lib\win64.o\librdi_guitools.dll
0x00007ffc517e0000 - 0x00007ffc51a57000 	C:\Xilinx\Vivado\2020.2\lib\win64.o\librdi_hip_devdesign.dll
0x00007ffc56530000 - 0x00007ffc56677000 	C:\Xilinx\Vivado\2020.2\lib\win64.o\librdi_hip_perf_analysis.dll
0x00007ffc396e0000 - 0x00007ffc3b2b4000 	C:\Xilinx\Vivado\2020.2\lib\win64.o\librdi_implflow.dll
0x00007ffc8cd60000 - 0x00007ffc8cdcb000 	C:\Xilinx\Vivado\2020.2\lib\win64.o\librdi_hdf.dll
0x00007ffc50ac0000 - 0x00007ffc5110c000 	C:\Xilinx\Vivado\2020.2\lib\win64.o\librdi_memdata.dll
0x00007ffc83d70000 - 0x00007ffc83de2000 	C:\Xilinx\Vivado\2020.2\lib\win64.o\librdi_memoryarray.dll
0x00007ffc37290000 - 0x00007ffc396d4000 	C:\Xilinx\Vivado\2020.2\lib\win64.o\librdi_mig.dll
0x00007ffcbb6c0000 - 0x00007ffcbb714000 	C:\Xilinx\Vivado\2020.2\lib\win64.o\librdi_pfi.dll
0x00007ffc31b80000 - 0x00007ffc34d87000 	C:\Xilinx\Vivado\2020.2\lib\win64.o\librdi_place.dll
0x00007ffc50390000 - 0x00007ffc50abc000 	C:\Xilinx\Vivado\2020.2\lib\win64.o\librdi_netlist.dll
0x00007ffc4fff0000 - 0x00007ffc5038e000 	C:\Xilinx\Vivado\2020.2\lib\win64.o\librdi_platform.dll
0x00007ffc36a70000 - 0x00007ffc37287000 	C:\Xilinx\Vivado\2020.2\lib\win64.o\librdi_power.dll
0x00007ffc363f0000 - 0x00007ffc36a64000 	C:\Xilinx\Vivado\2020.2\lib\win64.o\librdi_project.dll
0x00007ffc35cc0000 - 0x00007ffc363e2000 	C:\Xilinx\Vivado\2020.2\lib\win64.o\librdi_psta.dll
0x00007ffc354b0000 - 0x00007ffc35cbc000 	C:\Xilinx\Vivado\2020.2\lib\win64.o\librdi_rsb.dll
0x00007ffc34f80000 - 0x00007ffc354ab000 	C:\Xilinx\Vivado\2020.2\lib\win64.o\librdi_runs.dll
0x00007ffc83570000 - 0x00007ffc83679000 	C:\Xilinx\Vivado\2020.2\lib\win64.o\librdi_runsbase.dll
0x00007ffc4fd70000 - 0x00007ffc4ffe4000 	C:\Xilinx\Vivado\2020.2\lib\win64.o\librdi_simdata.dll
0x00007ffc72160000 - 0x00007ffc72276000 	C:\Xilinx\Vivado\2020.2\lib\win64.o\librdi_xhub.dll
0x00007ffc6c070000 - 0x00007ffc6c117000 	C:\Xilinx\Vivado\2020.2\lib\win64.o\librdi_xhubtasks.dll
0x00007ffc303a0000 - 0x00007ffc31321000 	C:\Xilinx\Vivado\2020.2\lib\win64.o\librdi_timing.dll
0x00007ffc34d90000 - 0x00007ffc34f7b000 	C:\Xilinx\Vivado\2020.2\lib\win64.o\librdi_advchipscopeimpl.dll
0x00007ffcb3580000 - 0x00007ffcb35c7000 	C:\Xilinx\Vivado\2020.2\lib\win64.o\libboost_serialization.dll
0x00007ffc655d0000 - 0x00007ffc656bb000 	C:\Xilinx\Vivado\2020.2\lib\win64.o\librdi_ipconfig_readwrite.dll
0x00007ffc8b1e0000 - 0x00007ffc8b24a000 	C:\Xilinx\Vivado\2020.2\lib\win64.o\librdi_noc_frameworks.dll
0x00007ffcae430000 - 0x00007ffcae476000 	C:\Xilinx\Vivado\2020.2\lib\win64.o\libboost_graph.dll
0x00007ffc2fd00000 - 0x00007ffc2fdc6000 	C:\Xilinx\Vivado\2020.2\lib\win64.o\librdi_bda.dll
0x00007ffc2ea30000 - 0x00007ffc2f197000 	C:\Xilinx\Vivado\2020.2\lib\win64.o\librdi_ippcw.dll
0x00007ffc2f1a0000 - 0x00007ffc2fcf6000 	C:\Xilinx\Vivado\2020.2\lib\win64.o\libverific.dll
0x00007ffc5f470000 - 0x00007ffc5f50e000 	C:\Xilinx\Vivado\2020.2\lib\win64.o\libise.dll

dbghelp: loaded successfully - version: 4.0.5 - missing functions: none
symbol engine: initialized successfully - sym options: 0x614 - pdb path: .;C:\Xilinx\Vivado\2020.2\bin\unwrapped\win64.o;C:\WINDOWS\SYSTEM32;C:\Xilinx\Vivado\2020.2\lib\win64.o;C:\WINDOWS\WinSxS\amd64_microsoft.windows.common-controls_6595b64144ccf1df_5.82.26100.7309_none_87ef0e2f7a2c9771;C:\Xilinx\Vivado\2020.2\tps\win64\jre11.0.2\bin\server;C:\Xilinx\Vivado\2020.2\tps\win64\python-3.8.3;C:\Xilinx\Vivado\2020.2\tps\win64\jre11.0.2\bin;C:\WINDOWS\WinSxS\amd64_microsoft.windows.common-controls_6595b64144ccf1df_6.0.26100.7309_none_3e05feeae336a044;C:\WINDOWS\HancomIME\x64;C:\WINDOWS\WinSxS\amd64_microsoft.windows.gdiplus_6595b64144ccf1df_1.1.26100.7309_none_6ef0f1d03dc91a12

VM Arguments:
jvm_args: -Dsun.java2d.pmoffscreen=false -Dhttps.protocols=TLSv1,TLSv1.1,TLSv1.2 -Dsun.java2d.xrender=false -Dsun.java2d.d3d=false -Dsun.awt.nopixfmt=true -Dsun.java2d.dpiaware=true -Dsun.java2d.uiScale.enabled=false -Xverify:none -Dswing.aatext=true -XX:-UsePerfData -Djdk.map.althashing.threshold=512 -XX:StringTableSize=4072 --add-opens=java.base/java.nio=ALL-UNNAMED --add-opens=java.desktop/sun.swing=ALL-UNNAMED --add-opens=java.desktop/javax.swing=ALL-UNNAMED --add-opens=java.desktop/javax.swing.tree=ALL-UNNAMED --add-opens=java.desktop/javax.swing.plaf.basic=ALL-UNNAMED --add-opens=java.desktop/javax.swing.plaf.synth=ALL-UNNAMED --add-opens=java.desktop/com.sun.awt=ALL-UNNAMED -XX:NewSize=60m -XX:MaxNewSize=60m -Xms128m -Xmx3072m -Xss5m 
java_command: <unknown>
java_class_path (initial): C:/Xilinx/Vivado/2020.2\lib\classes\alloy.jar;C:/Xilinx/Vivado/2020.2\lib\classes\ArchiveSummary.jar;C:/Xilinx/Vivado/2020.2\lib\classes\autoesl-models.jar;C:/Xilinx/Vivado/2020.2\lib\classes\autopilot.scelaborator.jar;C:/Xilinx/Vivado/2020.2\lib\classes\autopilot.sourceprocessor.jar;C:/Xilinx/Vivado/2020.2\lib\classes\autopilot.tbprocessor.jar;C:/Xilinx/Vivado/2020.2\lib\classes\batik-anim.jar;C:/Xilinx/Vivado/2020.2\lib\classes\batik-awt-util.jar;C:/Xilinx/Vivado/2020.2\lib\classes\batik-bridge.jar;C:/Xilinx/Vivado/2020.2\lib\classes\batik-codec.jar;C:/Xilinx/Vivado/2020.2\lib\classes\batik-css.jar;C:/Xilinx/Vivado/2020.2\lib\classes\batik-dom.jar;C:/Xilinx/Vivado/2020.2\lib\classes\batik-ext.jar;C:/Xilinx/Vivado/2020.2\lib\classes\batik-gui-util.jar;C:/Xilinx/Vivado/2020.2\lib\classes\batik-gvt.jar;C:/Xilinx/Vivado/2020.2\lib\classes\batik-parser.jar;C:/Xilinx/Vivado/2020.2\lib\classes\batik-script.jar;C:/Xilinx/Vivado/2020.2\lib\classes\batik-svg-dom.jar;C:/Xilinx/Vivado/2020.2\lib\classes\batik-swing.jar;C:/Xilinx/Vivado/2020.2\lib\classes\batik-transcoder.jar;C:/Xilinx/Vivado/2020.2\lib\classes\batik-util.jar;C:/Xilinx/Vivado/2020.2\lib\classes\batik-xml.jar;C:/Xilinx/Vivado/2020.2\lib\classes\com.google.gson_2.8.2.v20180104-1110.jar;C:/Xilinx/Vivado/2020.2\lib\classes\com.google.guava_27.1.0.v20190517-1946.jar;C:/Xilinx/Vivado/2020.2\lib\classes\com.ibm.icu_4.4.2.v20110208.jar;C:/Xilinx/Vivado/2020.2\lib\classes\com.sigasi.hdt.connection_4.9.0.202009050929.jar;C:/Xilinx/Vivado/2020.2\lib\classes\com.sigasi.hdt.epl_4.9.0.202009050929.jar;C:/Xilinx/Vivado/2020.2\lib\classes\com.sigasi.hdt.project_4.9.0.202009050929.jar;C:/Xilinx/Vivado/2020.2\lib\classes\com.sigasi.hdt.readonlyfilesystem_4.9.0.202009050929.jar;C:/Xilinx/Vivado/2020.2\lib\classes\com.sigasi.lcm_4.9.0.202009050929.jar;C:/Xilinx/Vivado/2020.2\lib\classes\com.sigasi.sdk.client_4.9.0.202009050929.jar;C:/Xilinx/Vivado/2020.2\lib\classes\com.xilinx.hls.services.jar;C:/Xili
Launcher Type: generic

[Global flags]
     bool BytecodeVerificationLocal                = false                                     {product} {command line}
     bool BytecodeVerificationRemote               = false                                     {product} {command line}
     intx CICompilerCount                          = 12                                        {product} {ergonomic}
     uint ConcGCThreads                            = 3                                         {product} {ergonomic}
     uint G1ConcRefinementThreads                  = 13                                        {product} {ergonomic}
   size_t G1HeapRegionSize                         = 1048576                                   {product} {ergonomic}
    uintx GCDrainStackTargetSize                   = 64                                        {product} {ergonomic}
   size_t InitialHeapSize                          = 134217728                                 {product} {command line}
   size_t MarkStackSize                            = 4194304                                   {product} {ergonomic}
   size_t MaxHeapSize                              = 3221225472                                {product} {command line}
   size_t MaxNewSize                               = 62914560                                  {product} {command line}
   size_t MinHeapDeltaBytes                        = 1048576                                   {product} {ergonomic}
   size_t NewSize                                  = 62914560                                  {product} {command line}
    uintx NonNMethodCodeHeapSize                   = 7591728                                {pd product} {ergonomic}
    uintx NonProfiledCodeHeapSize                  = 122033256                              {pd product} {ergonomic}
    uintx ProfiledCodeHeapSize                     = 122033256                              {pd product} {ergonomic}
    uintx ReservedCodeCacheSize                    = 251658240                              {pd product} {ergonomic}
     bool SegmentedCodeCache                       = true                                      {product} {ergonomic}
    uintx StringTableSize                          = 4072                                      {product} {command line}
     intx ThreadStackSize                          = 5120                                   {pd product} {command line}
     bool UseCompressedClassPointers               = true                                 {lp64_product} {ergonomic}
     bool UseCompressedOops                        = true                                 {lp64_product} {ergonomic}
     bool UseG1GC                                  = true                                      {product} {ergonomic}
     bool UseLargePagesIndividualAllocation        = false                                  {pd product} {ergonomic}
     bool UsePerfData                              = false                                     {product} {command line}

Logging:
Log output configuration:
 #0: stdout all=warning uptime,level,tags
 #1: stderr all=off uptime,level,tags

Environment Variables:
PATH=C:/Xilinx/Vivado/2020.2\gnuwin\bin;C:/Xilinx/Vivado/2020.2\gnu\microblaze\nt\bin;C:/Xilinx/Vivado/2020.2/bin;C:/Xilinx/Vivado/2020.2/tps/win64/javafx-sdk-11.0.2/lib;C:/Xilinx/Vivado/2020.2/tps/win64/javafx-sdk-11.0.2/bin;C:/Xilinx/Vivado/2020.2/lib/win64.o;C:/Xilinx/Vivado/2020.2/tps/win64/jre11.0.2/bin/server;C:/Xilinx/Vivado/2020.2/tps/win64/jre11.0.2/bin;C:/Xilinx/Vitis/2020.2/bin;C:/Xilinx/Vivado/2020.2/ids_lite/ISE/bin/nt64;C:/Xilinx/Vivado/2020.2/ids_lite/ISE/lib/nt64;C:/Xilinx/Vitis_HLS/2020.2/bin;C:\WINDOWS\system32;C:\WINDOWS;C:\WINDOWS\System32\Wbem;C:\WINDOWS\System32\WindowsPowerShell\v1.0\;C:\WINDOWS\System32\OpenSSH\;C:\Program Files\Bandizip\;C:\Users\kccistc\AppData\Local\Microsoft\WindowsApps;C:\Users\kccistc\AppData\Local\Programs\Microsoft VS Code\bin;C:/Xilinx/Vivado/2020.2\tps\mingw\6.2.0\win64.o\nt\bin;C:/Xilinx/Vivado/2020.2\tps\mingw\6.2.0\win64.o\nt\libexec\gcc\x86_64-w64-mingw32\6.2.0;C:/Xilinx/Vivado/2020.2\tps\win64\python-3.8.3;C:/Xilinx/Vivado/2020.2\tps\win64\python-3.8.3\bin;C:/Xilinx/Vivado/2020.2\tps\win64\python-3.8.3\lib;C:/Xilinx/Vivado/2020.2\tps\win64\python-3.8.3\lib\site-packages
USERNAME=kccistc
OS=Windows_NT
PROCESSOR_IDENTIFIER=Intel64 Family 6 Model 154 Stepping 3, GenuineIntel



---------------  S Y S T E M  ---------------

OS: Windows 10 , 64 bit Build 26100 (10.0.26100.7623)

CPU:total 16 (initial active 16) (8 cores per cpu, 2 threads per core) family 6 model 154 stepping 3, cmov, cx8, fxsr, mmx, sse, sse2, sse3, ssse3, sse4.1, sse4.2, popcnt, avx, avx2, aes, clmul, erms, 3dnowpref, lzcnt, ht, tsc, tscinvbit, bmi1, bmi2, adx, sha, fma

Memory: 4k page, system-wide physical 16066M (7022M free)
TotalPageFile size 32450M (AvailPageFile size 15581M)
current process WorkingSet (physical memory assigned to process): 905M, peak: 1729M
current process commit charge ("private bytes"): 1953M, peak: 1988M

vm_info: OpenJDK 64-Bit Server VM (11.0.2+9) for windows-amd64 JRE (11.0.2+9), built on Jan 18 2019 05:23:22 by "mach5one" with MS VC++ 15.5 (VS2017)

END.
